{
  "F:\\homelab\\nexus-home-link\\postcss.config.js": {
    "path": "F:\\homelab\\nexus-home-link\\postcss.config.js",
    "all": true,
    "statementMap": {
      "0": { "start": { "line": 1, "column": 0 }, "end": { "line": 1, "column": 16 } },
      "1": { "start": { "line": 2, "column": 0 }, "end": { "line": 2, "column": 12 } },
      "2": { "start": { "line": 3, "column": 0 }, "end": { "line": 3, "column": 20 } },
      "3": { "start": { "line": 4, "column": 0 }, "end": { "line": 4, "column": 20 } },
      "4": { "start": { "line": 5, "column": 0 }, "end": { "line": 5, "column": 3 } },
      "5": { "start": { "line": 6, "column": 0 }, "end": { "line": 6, "column": 1 } }
    },
    "s": { "0": 0, "1": 0, "2": 0, "3": 0, "4": 0, "5": 0 },
    "branchMap": {
      "0": {
        "type": "branch",
        "line": 1,
        "loc": { "start": { "line": 1, "column": 0 }, "end": { "line": 6, "column": -9 } },
        "locations": [{ "start": { "line": 1, "column": 0 }, "end": { "line": 6, "column": -9 } }]
      }
    },
    "b": { "0": [0] },
    "fnMap": {
      "0": {
        "name": "(empty-report)",
        "decl": { "start": { "line": 1, "column": 0 }, "end": { "line": 6, "column": -9 } },
        "loc": { "start": { "line": 1, "column": 0 }, "end": { "line": 6, "column": -9 } },
        "line": 1
      }
    },
    "f": { "0": 0 }
  },
  "F:\\homelab\\nexus-home-link\\tailwind.config.js": {
    "path": "F:\\homelab\\nexus-home-link\\tailwind.config.js",
    "all": true,
    "statementMap": {
      "0": { "start": { "line": 1, "column": 0 }, "end": { "line": 1, "column": 43 } },
      "1": { "start": { "line": 2, "column": 0 }, "end": { "line": 2, "column": 16 } },
      "2": { "start": { "line": 3, "column": 0 }, "end": { "line": 3, "column": 62 } },
      "3": { "start": { "line": 4, "column": 0 }, "end": { "line": 4, "column": 20 } },
      "4": { "start": { "line": 5, "column": 0 }, "end": { "line": 5, "column": 10 } },
      "5": { "start": { "line": 6, "column": 0 }, "end": { "line": 6, "column": 13 } },
      "6": { "start": { "line": 7, "column": 0 }, "end": { "line": 7, "column": 15 } },
      "7": { "start": { "line": 8, "column": 0 }, "end": { "line": 8, "column": 37 } },
      "8": { "start": { "line": 9, "column": 0 }, "end": { "line": 9, "column": 35 } },
      "9": { "start": { "line": 10, "column": 0 }, "end": { "line": 10, "column": 33 } },
      "10": { "start": { "line": 11, "column": 0 }, "end": { "line": 11, "column": 45 } },
      "11": { "start": { "line": 12, "column": 0 }, "end": { "line": 12, "column": 45 } },
      "12": { "start": { "line": 13, "column": 0 }, "end": { "line": 13, "column": 18 } },
      "13": { "start": { "line": 14, "column": 0 }, "end": { "line": 14, "column": 41 } },
      "14": { "start": { "line": 15, "column": 0 }, "end": { "line": 15, "column": 54 } },
      "15": { "start": { "line": 16, "column": 0 }, "end": { "line": 16, "column": 10 } },
      "16": { "start": { "line": 17, "column": 0 }, "end": { "line": 17, "column": 20 } },
      "17": { "start": { "line": 18, "column": 0 }, "end": { "line": 18, "column": 43 } },
      "18": { "start": { "line": 19, "column": 0 }, "end": { "line": 19, "column": 56 } },
      "19": { "start": { "line": 20, "column": 0 }, "end": { "line": 20, "column": 10 } },
      "20": { "start": { "line": 21, "column": 0 }, "end": { "line": 21, "column": 22 } },
      "21": { "start": { "line": 22, "column": 0 }, "end": { "line": 22, "column": 45 } },
      "22": { "start": { "line": 23, "column": 0 }, "end": { "line": 23, "column": 58 } },
      "23": { "start": { "line": 24, "column": 0 }, "end": { "line": 24, "column": 10 } },
      "24": { "start": { "line": 25, "column": 0 }, "end": { "line": 25, "column": 16 } },
      "25": { "start": { "line": 26, "column": 0 }, "end": { "line": 26, "column": 39 } },
      "26": { "start": { "line": 27, "column": 0 }, "end": { "line": 27, "column": 52 } },
      "27": { "start": { "line": 28, "column": 0 }, "end": { "line": 28, "column": 10 } },
      "28": { "start": { "line": 29, "column": 0 }, "end": { "line": 29, "column": 17 } },
      "29": { "start": { "line": 30, "column": 0 }, "end": { "line": 30, "column": 40 } },
      "30": { "start": { "line": 31, "column": 0 }, "end": { "line": 31, "column": 53 } },
      "31": { "start": { "line": 32, "column": 0 }, "end": { "line": 32, "column": 10 } },
      "32": { "start": { "line": 33, "column": 0 }, "end": { "line": 33, "column": 18 } },
      "33": { "start": { "line": 34, "column": 0 }, "end": { "line": 34, "column": 41 } },
      "34": { "start": { "line": 35, "column": 0 }, "end": { "line": 35, "column": 54 } },
      "35": { "start": { "line": 36, "column": 0 }, "end": { "line": 36, "column": 10 } },
      "36": { "start": { "line": 37, "column": 0 }, "end": { "line": 37, "column": 15 } },
      "37": { "start": { "line": 38, "column": 0 }, "end": { "line": 38, "column": 38 } },
      "38": { "start": { "line": 39, "column": 0 }, "end": { "line": 39, "column": 51 } },
      "39": { "start": { "line": 40, "column": 0 }, "end": { "line": 40, "column": 10 } },
      "40": { "start": { "line": 41, "column": 0 }, "end": { "line": 41, "column": 18 } },
      "41": { "start": { "line": 42, "column": 0 }, "end": { "line": 42, "column": 41 } },
      "42": { "start": { "line": 43, "column": 0 }, "end": { "line": 43, "column": 54 } },
      "43": { "start": { "line": 44, "column": 0 }, "end": { "line": 44, "column": 10 } },
      "44": { "start": { "line": 45, "column": 0 }, "end": { "line": 45, "column": 18 } },
      "45": { "start": { "line": 46, "column": 0 }, "end": { "line": 46, "column": 41 } },
      "46": { "start": { "line": 47, "column": 0 }, "end": { "line": 47, "column": 54 } },
      "47": { "start": { "line": 48, "column": 0 }, "end": { "line": 48, "column": 9 } },
      "48": { "start": { "line": 49, "column": 0 }, "end": { "line": 49, "column": 8 } },
      "49": { "start": { "line": 50, "column": 0 }, "end": { "line": 50, "column": 21 } },
      "50": { "start": { "line": 51, "column": 0 }, "end": { "line": 51, "column": 28 } },
      "51": { "start": { "line": 52, "column": 0 }, "end": { "line": 52, "column": 40 } },
      "52": { "start": { "line": 53, "column": 0 }, "end": { "line": 53, "column": 39 } },
      "53": { "start": { "line": 54, "column": 0 }, "end": { "line": 54, "column": 8 } },
      "54": { "start": { "line": 55, "column": 0 }, "end": { "line": 55, "column": 18 } },
      "55": { "start": { "line": 56, "column": 0 }, "end": { "line": 56, "column": 35 } },
      "56": { "start": { "line": 57, "column": 0 }, "end": { "line": 57, "column": 49 } },
      "57": { "start": { "line": 58, "column": 0 }, "end": { "line": 58, "column": 38 } },
      "58": { "start": { "line": 59, "column": 0 }, "end": { "line": 59, "column": 8 } },
      "59": { "start": { "line": 60, "column": 0 }, "end": { "line": 60, "column": 24 } },
      "60": { "start": { "line": 61, "column": 0 }, "end": { "line": 61, "column": 54 } },
      "61": { "start": { "line": 62, "column": 0 }, "end": { "line": 62, "column": 48 } },
      "62": { "start": { "line": 63, "column": 0 }, "end": { "line": 63, "column": 62 } },
      "63": { "start": { "line": 64, "column": 0 }, "end": { "line": 64, "column": 67 } },
      "64": { "start": { "line": 65, "column": 0 }, "end": { "line": 65, "column": 8 } },
      "65": { "start": { "line": 66, "column": 0 }, "end": { "line": 66, "column": 27 } },
      "66": { "start": { "line": 67, "column": 0 }, "end": { "line": 67, "column": 43 } },
      "67": { "start": { "line": 68, "column": 0 }, "end": { "line": 68, "column": 38 } },
      "68": { "start": { "line": 69, "column": 0 }, "end": { "line": 69, "column": 7 } },
      "69": { "start": { "line": 70, "column": 0 }, "end": { "line": 70, "column": 5 } },
      "70": { "start": { "line": 71, "column": 0 }, "end": { "line": 71, "column": 4 } },
      "71": { "start": { "line": 72, "column": 0 }, "end": { "line": 72, "column": 13 } },
      "72": { "start": { "line": 73, "column": 0 }, "end": { "line": 73, "column": 1 } }
    },
    "s": {
      "0": 0,
      "1": 0,
      "2": 0,
      "3": 0,
      "4": 0,
      "5": 0,
      "6": 0,
      "7": 0,
      "8": 0,
      "9": 0,
      "10": 0,
      "11": 0,
      "12": 0,
      "13": 0,
      "14": 0,
      "15": 0,
      "16": 0,
      "17": 0,
      "18": 0,
      "19": 0,
      "20": 0,
      "21": 0,
      "22": 0,
      "23": 0,
      "24": 0,
      "25": 0,
      "26": 0,
      "27": 0,
      "28": 0,
      "29": 0,
      "30": 0,
      "31": 0,
      "32": 0,
      "33": 0,
      "34": 0,
      "35": 0,
      "36": 0,
      "37": 0,
      "38": 0,
      "39": 0,
      "40": 0,
      "41": 0,
      "42": 0,
      "43": 0,
      "44": 0,
      "45": 0,
      "46": 0,
      "47": 0,
      "48": 0,
      "49": 0,
      "50": 0,
      "51": 0,
      "52": 0,
      "53": 0,
      "54": 0,
      "55": 0,
      "56": 0,
      "57": 0,
      "58": 0,
      "59": 0,
      "60": 0,
      "61": 0,
      "62": 0,
      "63": 0,
      "64": 0,
      "65": 0,
      "66": 0,
      "67": 0,
      "68": 0,
      "69": 0,
      "70": 0,
      "71": 0,
      "72": 0
    },
    "branchMap": {
      "0": {
        "type": "branch",
        "line": 1,
        "loc": { "start": { "line": 1, "column": 0 }, "end": { "line": 73, "column": -12 } },
        "locations": [{ "start": { "line": 1, "column": 0 }, "end": { "line": 73, "column": -12 } }]
      }
    },
    "b": { "0": [0] },
    "fnMap": {
      "0": {
        "name": "(empty-report)",
        "decl": { "start": { "line": 1, "column": 0 }, "end": { "line": 73, "column": -12 } },
        "loc": { "start": { "line": 1, "column": 0 }, "end": { "line": 73, "column": -12 } },
        "line": 1
      }
    },
    "f": { "0": 0 }
  },
  "F:\\homelab\\nexus-home-link\\src\\App.vue": {
    "path": "F:\\homelab\\nexus-home-link\\src\\App.vue",
    "all": true,
    "statementMap": {
      "0": { "start": { "line": 1, "column": 0 }, "end": { "line": 1, "column": 10 } },
      "1": { "start": { "line": 2, "column": 0 }, "end": { "line": 2, "column": 67 } },
      "2": { "start": { "line": 3, "column": 0 }, "end": { "line": 3, "column": 18 } },
      "3": { "start": { "line": 4, "column": 0 }, "end": { "line": 4, "column": 8 } }
    },
    "s": { "0": 0, "1": 0, "2": 0, "3": 0 },
    "branchMap": {
      "0": {
        "type": "branch",
        "line": 1,
        "loc": { "start": { "line": 1, "column": 189 }, "end": { "line": 9, "column": 9 } },
        "locations": [{ "start": { "line": 1, "column": 189 }, "end": { "line": 9, "column": 9 } }]
      }
    },
    "b": { "0": [0] },
    "fnMap": {
      "0": {
        "name": "(empty-report)",
        "decl": { "start": { "line": 1, "column": 189 }, "end": { "line": 9, "column": 9 } },
        "loc": { "start": { "line": 1, "column": 189 }, "end": { "line": 9, "column": 9 } },
        "line": 1
      }
    },
    "f": { "0": 0 }
  },
  "F:\\homelab\\nexus-home-link\\src\\main.ts": {
    "path": "F:\\homelab\\nexus-home-link\\src\\main.ts",
    "all": true,
    "statementMap": {
      "0": { "start": { "line": 1, "column": 0 }, "end": { "line": 1, "column": 31 } },
      "1": { "start": { "line": 2, "column": 0 }, "end": { "line": 2, "column": 35 } },
      "2": { "start": { "line": 3, "column": 0 }, "end": { "line": 3, "column": 59 } },
      "3": { "start": { "line": 4, "column": 0 }, "end": { "line": 4, "column": 27 } },
      "4": { "start": { "line": 5, "column": 0 }, "end": { "line": 5, "column": 20 } },
      "7": { "start": { "line": 8, "column": 0 }, "end": { "line": 8, "column": 45 } },
      "8": { "start": { "line": 9, "column": 0 }, "end": { "line": 9, "column": 43 } },
      "11": { "start": { "line": 12, "column": 0 }, "end": { "line": 12, "column": 29 } },
      "12": { "start": { "line": 13, "column": 0 }, "end": { "line": 13, "column": 30 } },
      "13": { "start": { "line": 14, "column": 0 }, "end": { "line": 14, "column": 11 } },
      "14": { "start": { "line": 15, "column": 0 }, "end": { "line": 15, "column": 40 } },
      "15": { "start": { "line": 16, "column": 0 }, "end": { "line": 16, "column": 53 } },
      "16": { "start": { "line": 17, "column": 0 }, "end": { "line": 17, "column": 3 } },
      "17": { "start": { "line": 18, "column": 0 }, "end": { "line": 18, "column": 2 } },
      "20": { "start": { "line": 21, "column": 0 }, "end": { "line": 21, "column": 26 } },
      "21": { "start": { "line": 22, "column": 0 }, "end": { "line": 22, "column": 22 } },
      "22": { "start": { "line": 23, "column": 0 }, "end": { "line": 23, "column": 15 } },
      "23": { "start": { "line": 24, "column": 0 }, "end": { "line": 24, "column": 17 } }
    },
    "s": {
      "0": 0,
      "1": 0,
      "2": 0,
      "3": 0,
      "4": 0,
      "7": 0,
      "8": 0,
      "11": 0,
      "12": 0,
      "13": 0,
      "14": 0,
      "15": 0,
      "16": 0,
      "17": 0,
      "20": 0,
      "21": 0,
      "22": 0,
      "23": 0
    },
    "branchMap": {
      "0": {
        "type": "branch",
        "line": 1,
        "loc": { "start": { "line": 1, "column": 575 }, "end": { "line": 24, "column": 17 } },
        "locations": [
          { "start": { "line": 1, "column": 575 }, "end": { "line": 24, "column": 17 } }
        ]
      }
    },
    "b": { "0": [0] },
    "fnMap": {
      "0": {
        "name": "(empty-report)",
        "decl": { "start": { "line": 1, "column": 575 }, "end": { "line": 24, "column": 17 } },
        "loc": { "start": { "line": 1, "column": 575 }, "end": { "line": 24, "column": 17 } },
        "line": 1
      }
    },
    "f": { "0": 0 }
  },
  "F:\\homelab\\nexus-home-link\\src\\components\\AnalyticsWidget.vue": {
    "path": "F:\\homelab\\nexus-home-link\\src\\components\\AnalyticsWidget.vue",
    "all": true,
    "statementMap": {
      "0": { "start": { "line": 1, "column": 0 }, "end": { "line": 1, "column": 10 } },
      "1": { "start": { "line": 2, "column": 0 }, "end": { "line": 2, "column": 59 } },
      "2": { "start": { "line": 3, "column": 0 }, "end": { "line": 3, "column": 56 } },
      "3": { "start": { "line": 4, "column": 0 }, "end": { "line": 4, "column": 64 } },
      "4": { "start": { "line": 5, "column": 0 }, "end": { "line": 5, "column": 43 } },
      "5": { "start": { "line": 6, "column": 0 }, "end": { "line": 6, "column": 15 } },
      "6": { "start": { "line": 7, "column": 0 }, "end": { "line": 7, "column": 37 } },
      "7": { "start": { "line": 8, "column": 0 }, "end": { "line": 8, "column": 76 } },
      "9": { "start": { "line": 10, "column": 0 }, "end": { "line": 10, "column": 52 } },
      "10": { "start": { "line": 11, "column": 0 }, "end": { "line": 11, "column": 49 } },
      "11": { "start": { "line": 12, "column": 0 }, "end": { "line": 12, "column": 51 } },
      "12": { "start": { "line": 13, "column": 0 }, "end": { "line": 13, "column": 51 } },
      "13": { "start": { "line": 14, "column": 0 }, "end": { "line": 14, "column": 17 } },
      "14": { "start": { "line": 15, "column": 0 }, "end": { "line": 15, "column": 15 } },
      "15": { "start": { "line": 16, "column": 0 }, "end": { "line": 16, "column": 35 } },
      "16": { "start": { "line": 17, "column": 0 }, "end": { "line": 17, "column": 77 } },
      "17": { "start": { "line": 18, "column": 0 }, "end": { "line": 18, "column": 35 } },
      "19": { "start": { "line": 20, "column": 0 }, "end": { "line": 20, "column": 39 } },
      "20": { "start": { "line": 21, "column": 0 }, "end": { "line": 21, "column": 17 } },
      "21": { "start": { "line": 22, "column": 0 }, "end": { "line": 22, "column": 12 } },
      "22": { "start": { "line": 23, "column": 0 }, "end": { "line": 23, "column": 10 } },
      "24": { "start": { "line": 25, "column": 0 }, "end": { "line": 25, "column": 24 } },
      "25": { "start": { "line": 26, "column": 0 }, "end": { "line": 26, "column": 75 } },
      "26": { "start": { "line": 27, "column": 0 }, "end": { "line": 27, "column": 46 } },
      "27": { "start": { "line": 28, "column": 0 }, "end": { "line": 28, "column": 45 } },
      "28": { "start": { "line": 29, "column": 0 }, "end": { "line": 29, "column": 50 } },
      "29": { "start": { "line": 30, "column": 0 }, "end": { "line": 30, "column": 53 } },
      "30": { "start": { "line": 31, "column": 0 }, "end": { "line": 31, "column": 16 } },
      "31": { "start": { "line": 32, "column": 0 }, "end": { "line": 32, "column": 15 } },
      "32": { "start": { "line": 33, "column": 0 }, "end": { "line": 33, "column": 63 } },
      "33": { "start": { "line": 34, "column": 0 }, "end": { "line": 34, "column": 51 } },
      "34": { "start": { "line": 35, "column": 0 }, "end": { "line": 35, "column": 71 } },
      "35": { "start": { "line": 36, "column": 0 }, "end": { "line": 36, "column": 16 } },
      "36": { "start": { "line": 37, "column": 0 }, "end": { "line": 37, "column": 14 } },
      "37": { "start": { "line": 38, "column": 0 }, "end": { "line": 38, "column": 12 } },
      "39": { "start": { "line": 40, "column": 0 }, "end": { "line": 40, "column": 46 } },
      "40": { "start": { "line": 41, "column": 0 }, "end": { "line": 41, "column": 45 } },
      "41": { "start": { "line": 42, "column": 0 }, "end": { "line": 42, "column": 51 } },
      "42": { "start": { "line": 43, "column": 0 }, "end": { "line": 43, "column": 46 } },
      "43": { "start": { "line": 44, "column": 0 }, "end": { "line": 44, "column": 16 } },
      "44": { "start": { "line": 45, "column": 0 }, "end": { "line": 45, "column": 15 } },
      "45": { "start": { "line": 46, "column": 0 }, "end": { "line": 46, "column": 68 } },
      "46": { "start": { "line": 47, "column": 0 }, "end": { "line": 47, "column": 50 } },
      "47": { "start": { "line": 48, "column": 0 }, "end": { "line": 48, "column": 67 } },
      "48": { "start": { "line": 49, "column": 0 }, "end": { "line": 49, "column": 16 } },
      "49": { "start": { "line": 50, "column": 0 }, "end": { "line": 50, "column": 14 } },
      "50": { "start": { "line": 51, "column": 0 }, "end": { "line": 51, "column": 12 } },
      "52": { "start": { "line": 53, "column": 0 }, "end": { "line": 53, "column": 46 } },
      "53": { "start": { "line": 54, "column": 0 }, "end": { "line": 54, "column": 45 } },
      "54": { "start": { "line": 55, "column": 0 }, "end": { "line": 55, "column": 52 } },
      "55": { "start": { "line": 56, "column": 0 }, "end": { "line": 56, "column": 50 } },
      "56": { "start": { "line": 57, "column": 0 }, "end": { "line": 57, "column": 16 } },
      "57": { "start": { "line": 58, "column": 0 }, "end": { "line": 58, "column": 15 } },
      "58": { "start": { "line": 59, "column": 0 }, "end": { "line": 59, "column": 70 } },
      "59": { "start": { "line": 60, "column": 0 }, "end": { "line": 60, "column": 51 } },
      "60": { "start": { "line": 61, "column": 0 }, "end": { "line": 61, "column": 65 } },
      "61": { "start": { "line": 62, "column": 0 }, "end": { "line": 62, "column": 16 } },
      "62": { "start": { "line": 63, "column": 0 }, "end": { "line": 63, "column": 14 } },
      "63": { "start": { "line": 64, "column": 0 }, "end": { "line": 64, "column": 12 } },
      "65": { "start": { "line": 66, "column": 0 }, "end": { "line": 66, "column": 46 } },
      "66": { "start": { "line": 67, "column": 0 }, "end": { "line": 67, "column": 45 } },
      "67": { "start": { "line": 68, "column": 0 }, "end": { "line": 68, "column": 52 } },
      "68": { "start": { "line": 69, "column": 0 }, "end": { "line": 69, "column": 48 } },
      "69": { "start": { "line": 70, "column": 0 }, "end": { "line": 70, "column": 16 } },
      "70": { "start": { "line": 71, "column": 0 }, "end": { "line": 71, "column": 15 } },
      "71": { "start": { "line": 72, "column": 0 }, "end": { "line": 72, "column": 69 } },
      "72": { "start": { "line": 73, "column": 0 }, "end": { "line": 73, "column": 47 } },
      "73": { "start": { "line": 74, "column": 0 }, "end": { "line": 74, "column": 67 } },
      "74": { "start": { "line": 75, "column": 0 }, "end": { "line": 75, "column": 16 } },
      "75": { "start": { "line": 76, "column": 0 }, "end": { "line": 76, "column": 14 } },
      "76": { "start": { "line": 77, "column": 0 }, "end": { "line": 77, "column": 12 } },
      "77": { "start": { "line": 78, "column": 0 }, "end": { "line": 78, "column": 10 } },
      "79": { "start": { "line": 80, "column": 0 }, "end": { "line": 80, "column": 27 } },
      "80": { "start": { "line": 81, "column": 0 }, "end": { "line": 81, "column": 60 } },
      "81": { "start": { "line": 82, "column": 0 }, "end": { "line": 82, "column": 34 } },
      "82": { "start": { "line": 83, "column": 0 }, "end": { "line": 83, "column": 46 } },
      "83": { "start": { "line": 84, "column": 0 }, "end": { "line": 84, "column": 69 } },
      "84": { "start": { "line": 85, "column": 0 }, "end": { "line": 85, "column": 59 } },
      "85": { "start": { "line": 86, "column": 0 }, "end": { "line": 86, "column": 40 } },
      "86": { "start": { "line": 87, "column": 0 }, "end": { "line": 87, "column": 16 } },
      "87": { "start": { "line": 88, "column": 0 }, "end": { "line": 88, "column": 52 } },
      "88": { "start": { "line": 89, "column": 0 }, "end": { "line": 89, "column": 26 } },
      "89": { "start": { "line": 90, "column": 0 }, "end": { "line": 90, "column": 45 } },
      "91": { "start": { "line": 92, "column": 0 }, "end": { "line": 92, "column": 84 } },
      "92": { "start": { "line": 93, "column": 0 }, "end": { "line": 93, "column": 60 } },
      "93": { "start": { "line": 94, "column": 0 }, "end": { "line": 94, "column": 20 } },
      "94": { "start": { "line": 95, "column": 0 }, "end": { "line": 95, "column": 82 } },
      "95": { "start": { "line": 96, "column": 0 }, "end": { "line": 96, "column": 55 } },
      "96": { "start": { "line": 97, "column": 0 }, "end": { "line": 97, "column": 18 } },
      "97": { "start": { "line": 98, "column": 0 }, "end": { "line": 98, "column": 20 } },
      "98": { "start": { "line": 99, "column": 0 }, "end": { "line": 99, "column": 75 } },
      "99": { "start": { "line": 100, "column": 0 }, "end": { "line": 100, "column": 18 } },
      "100": { "start": { "line": 101, "column": 0 }, "end": { "line": 101, "column": 16 } },
      "101": { "start": { "line": 102, "column": 0 }, "end": { "line": 102, "column": 14 } },
      "102": { "start": { "line": 103, "column": 0 }, "end": { "line": 103, "column": 12 } },
      "104": { "start": { "line": 105, "column": 0 }, "end": { "line": 105, "column": 30 } },
      "105": { "start": { "line": 106, "column": 0 }, "end": { "line": 106, "column": 46 } },
      "106": { "start": { "line": 107, "column": 0 }, "end": { "line": 107, "column": 65 } },
      "107": { "start": { "line": 108, "column": 0 }, "end": { "line": 108, "column": 59 } },
      "108": { "start": { "line": 109, "column": 0 }, "end": { "line": 109, "column": 40 } },
      "109": { "start": { "line": 110, "column": 0 }, "end": { "line": 110, "column": 16 } },
      "110": { "start": { "line": 111, "column": 0 }, "end": { "line": 111, "column": 58 } },
      "111": { "start": { "line": 112, "column": 0 }, "end": { "line": 112, "column": 26 } },
      "112": { "start": { "line": 113, "column": 0 }, "end": { "line": 113, "column": 45 } },
      "114": { "start": { "line": 115, "column": 0 }, "end": { "line": 115, "column": 84 } },
      "115": { "start": { "line": 116, "column": 0 }, "end": { "line": 116, "column": 44 } },
      "116": { "start": { "line": 117, "column": 0 }, "end": { "line": 117, "column": 53 } },
      "117": { "start": { "line": 118, "column": 0 }, "end": { "line": 118, "column": 50 } },
      "118": { "start": { "line": 119, "column": 0 }, "end": { "line": 119, "column": 64 } },
      "119": { "start": { "line": 120, "column": 0 }, "end": { "line": 120, "column": 24 } },
      "120": { "start": { "line": 121, "column": 0 }, "end": { "line": 121, "column": 87 } },
      "121": { "start": { "line": 122, "column": 0 }, "end": { "line": 122, "column": 80 } },
      "122": { "start": { "line": 123, "column": 0 }, "end": { "line": 123, "column": 22 } },
      "123": { "start": { "line": 124, "column": 0 }, "end": { "line": 124, "column": 24 } },
      "124": { "start": { "line": 125, "column": 0 }, "end": { "line": 125, "column": 81 } },
      "125": { "start": { "line": 126, "column": 0 }, "end": { "line": 126, "column": 22 } },
      "126": { "start": { "line": 127, "column": 0 }, "end": { "line": 127, "column": 53 } },
      "127": { "start": { "line": 128, "column": 0 }, "end": { "line": 128, "column": 50 } },
      "128": { "start": { "line": 129, "column": 0 }, "end": { "line": 129, "column": 64 } },
      "129": { "start": { "line": 130, "column": 0 }, "end": { "line": 130, "column": 24 } },
      "130": { "start": { "line": 131, "column": 0 }, "end": { "line": 131, "column": 86 } },
      "131": { "start": { "line": 132, "column": 0 }, "end": { "line": 132, "column": 82 } },
      "132": { "start": { "line": 133, "column": 0 }, "end": { "line": 133, "column": 22 } },
      "133": { "start": { "line": 134, "column": 0 }, "end": { "line": 134, "column": 24 } },
      "134": { "start": { "line": 135, "column": 0 }, "end": { "line": 135, "column": 83 } },
      "135": { "start": { "line": 136, "column": 0 }, "end": { "line": 136, "column": 22 } },
      "136": { "start": { "line": 137, "column": 0 }, "end": { "line": 137, "column": 20 } },
      "137": { "start": { "line": 138, "column": 0 }, "end": { "line": 138, "column": 18 } },
      "138": { "start": { "line": 139, "column": 0 }, "end": { "line": 139, "column": 16 } },
      "139": { "start": { "line": 140, "column": 0 }, "end": { "line": 140, "column": 14 } },
      "140": { "start": { "line": 141, "column": 0 }, "end": { "line": 141, "column": 12 } },
      "141": { "start": { "line": 142, "column": 0 }, "end": { "line": 142, "column": 10 } },
      "143": { "start": { "line": 144, "column": 0 }, "end": { "line": 144, "column": 26 } },
      "144": { "start": { "line": 145, "column": 0 }, "end": { "line": 145, "column": 49 } },
      "145": { "start": { "line": 146, "column": 0 }, "end": { "line": 146, "column": 61 } },
      "146": { "start": { "line": 147, "column": 0 }, "end": { "line": 147, "column": 29 } },
      "147": { "start": { "line": 148, "column": 0 }, "end": { "line": 148, "column": 95 } },
      "148": { "start": { "line": 149, "column": 0 }, "end": { "line": 149, "column": 72 } },
      "149": { "start": { "line": 150, "column": 0 }, "end": { "line": 150, "column": 56 } },
      "150": { "start": { "line": 151, "column": 0 }, "end": { "line": 151, "column": 16 } },
      "151": { "start": { "line": 152, "column": 0 }, "end": { "line": 152, "column": 77 } },
      "152": { "start": { "line": 153, "column": 0 }, "end": { "line": 153, "column": 53 } },
      "153": { "start": { "line": 154, "column": 0 }, "end": { "line": 154, "column": 14 } },
      "154": { "start": { "line": 155, "column": 0 }, "end": { "line": 155, "column": 16 } },
      "155": { "start": { "line": 156, "column": 0 }, "end": { "line": 156, "column": 73 } },
      "156": { "start": { "line": 157, "column": 0 }, "end": { "line": 157, "column": 69 } },
      "157": { "start": { "line": 158, "column": 0 }, "end": { "line": 158, "column": 38 } },
      "158": { "start": { "line": 159, "column": 0 }, "end": { "line": 159, "column": 16 } },
      "159": { "start": { "line": 160, "column": 0 }, "end": { "line": 160, "column": 14 } },
      "160": { "start": { "line": 161, "column": 0 }, "end": { "line": 161, "column": 12 } },
      "161": { "start": { "line": 162, "column": 0 }, "end": { "line": 162, "column": 10 } },
      "163": { "start": { "line": 164, "column": 0 }, "end": { "line": 164, "column": 24 } },
      "164": { "start": { "line": 165, "column": 0 }, "end": { "line": 165, "column": 55 } },
      "165": { "start": { "line": 166, "column": 0 }, "end": { "line": 166, "column": 46 } },
      "166": { "start": { "line": 167, "column": 0 }, "end": { "line": 167, "column": 74 } },
      "167": { "start": { "line": 168, "column": 0 }, "end": { "line": 168, "column": 31 } },
      "168": { "start": { "line": 169, "column": 0 }, "end": { "line": 169, "column": 93 } },
      "169": { "start": { "line": 170, "column": 0 }, "end": { "line": 170, "column": 86 } },
      "170": { "start": { "line": 171, "column": 0 }, "end": { "line": 171, "column": 61 } },
      "171": { "start": { "line": 172, "column": 0 }, "end": { "line": 172, "column": 18 } },
      "172": { "start": { "line": 173, "column": 0 }, "end": { "line": 173, "column": 32 } },
      "173": { "start": { "line": 174, "column": 0 }, "end": { "line": 174, "column": 70 } },
      "174": { "start": { "line": 175, "column": 0 }, "end": { "line": 175, "column": 78 } },
      "175": { "start": { "line": 176, "column": 0 }, "end": { "line": 176, "column": 18 } },
      "176": { "start": { "line": 177, "column": 0 }, "end": { "line": 177, "column": 75 } },
      "177": { "start": { "line": 178, "column": 0 }, "end": { "line": 178, "column": 16 } },
      "178": { "start": { "line": 179, "column": 0 }, "end": { "line": 179, "column": 14 } },
      "179": { "start": { "line": 180, "column": 0 }, "end": { "line": 180, "column": 12 } },
      "181": { "start": { "line": 182, "column": 0 }, "end": { "line": 182, "column": 46 } },
      "182": { "start": { "line": 183, "column": 0 }, "end": { "line": 183, "column": 63 } },
      "183": { "start": { "line": 184, "column": 0 }, "end": { "line": 184, "column": 31 } },
      "184": { "start": { "line": 185, "column": 0 }, "end": { "line": 185, "column": 97 } },
      "185": { "start": { "line": 186, "column": 0 }, "end": { "line": 186, "column": 86 } },
      "186": { "start": { "line": 187, "column": 0 }, "end": { "line": 187, "column": 43 } },
      "187": { "start": { "line": 188, "column": 0 }, "end": { "line": 188, "column": 18 } },
      "188": { "start": { "line": 189, "column": 0 }, "end": { "line": 189, "column": 32 } },
      "189": { "start": { "line": 190, "column": 0 }, "end": { "line": 190, "column": 71 } },
      "190": { "start": { "line": 191, "column": 0 }, "end": { "line": 191, "column": 57 } },
      "191": { "start": { "line": 192, "column": 0 }, "end": { "line": 192, "column": 60 } },
      "192": { "start": { "line": 193, "column": 0 }, "end": { "line": 193, "column": 20 } },
      "193": { "start": { "line": 194, "column": 0 }, "end": { "line": 194, "column": 18 } },
      "194": { "start": { "line": 195, "column": 0 }, "end": { "line": 195, "column": 76 } },
      "195": { "start": { "line": 196, "column": 0 }, "end": { "line": 196, "column": 16 } },
      "196": { "start": { "line": 197, "column": 0 }, "end": { "line": 197, "column": 14 } },
      "197": { "start": { "line": 198, "column": 0 }, "end": { "line": 198, "column": 12 } },
      "198": { "start": { "line": 199, "column": 0 }, "end": { "line": 199, "column": 10 } },
      "199": { "start": { "line": 200, "column": 0 }, "end": { "line": 200, "column": 8 } },
      "203": { "start": { "line": 204, "column": 0 }, "end": { "line": 204, "column": 25 } },
      "215": { "start": { "line": 216, "column": 0 }, "end": { "line": 216, "column": 24 } },
      "217": { "start": { "line": 218, "column": 0 }, "end": { "line": 218, "column": 35 } },
      "219": { "start": { "line": 220, "column": 0 }, "end": { "line": 220, "column": 26 } },
      "220": { "start": { "line": 221, "column": 0 }, "end": { "line": 221, "column": 31 } },
      "221": { "start": { "line": 222, "column": 0 }, "end": { "line": 222, "column": 31 } },
      "222": { "start": { "line": 223, "column": 0 }, "end": { "line": 223, "column": 31 } },
      "223": { "start": { "line": 224, "column": 0 }, "end": { "line": 224, "column": 31 } },
      "224": { "start": { "line": 225, "column": 0 }, "end": { "line": 225, "column": 31 } },
      "225": { "start": { "line": 226, "column": 0 }, "end": { "line": 226, "column": 31 } },
      "226": { "start": { "line": 227, "column": 0 }, "end": { "line": 227, "column": 30 } },
      "227": { "start": { "line": 228, "column": 0 }, "end": { "line": 228, "column": 2 } },
      "229": { "start": { "line": 230, "column": 0 }, "end": { "line": 230, "column": 32 } },
      "230": { "start": { "line": 231, "column": 0 }, "end": { "line": 231, "column": 46 } },
      "231": { "start": { "line": 232, "column": 0 }, "end": { "line": 232, "column": 45 } },
      "232": { "start": { "line": 233, "column": 0 }, "end": { "line": 233, "column": 46 } },
      "233": { "start": { "line": 234, "column": 0 }, "end": { "line": 234, "column": 46 } },
      "234": { "start": { "line": 235, "column": 0 }, "end": { "line": 235, "column": 46 } },
      "235": { "start": { "line": 236, "column": 0 }, "end": { "line": 236, "column": 47 } },
      "236": { "start": { "line": 237, "column": 0 }, "end": { "line": 237, "column": 45 } },
      "237": { "start": { "line": 238, "column": 0 }, "end": { "line": 238, "column": 2 } },
      "239": { "start": { "line": 240, "column": 0 }, "end": { "line": 240, "column": 26 } },
      "240": { "start": { "line": 241, "column": 0 }, "end": { "line": 241, "column": 55 } },
      "241": { "start": { "line": 242, "column": 0 }, "end": { "line": 242, "column": 55 } },
      "242": { "start": { "line": 243, "column": 0 }, "end": { "line": 243, "column": 55 } },
      "243": { "start": { "line": 244, "column": 0 }, "end": { "line": 244, "column": 65 } },
      "244": { "start": { "line": 245, "column": 0 }, "end": { "line": 245, "column": 65 } },
      "245": { "start": { "line": 246, "column": 0 }, "end": { "line": 246, "column": 2 } },
      "247": { "start": { "line": 248, "column": 0 }, "end": { "line": 248, "column": 24 } },
      "248": { "start": { "line": 249, "column": 0 }, "end": { "line": 249, "column": 84 } },
      "249": { "start": { "line": 250, "column": 0 }, "end": { "line": 250, "column": 85 } },
      "250": { "start": { "line": 251, "column": 0 }, "end": { "line": 251, "column": 87 } },
      "251": { "start": { "line": 252, "column": 0 }, "end": { "line": 252, "column": 82 } },
      "252": { "start": { "line": 253, "column": 0 }, "end": { "line": 253, "column": 2 } },
      "254": { "start": { "line": 255, "column": 0 }, "end": { "line": 255, "column": 26 } },
      "255": { "start": { "line": 256, "column": 0 }, "end": { "line": 256, "column": 77 } },
      "256": { "start": { "line": 257, "column": 0 }, "end": { "line": 257, "column": 78 } },
      "257": { "start": { "line": 258, "column": 0 }, "end": { "line": 258, "column": 71 } },
      "258": { "start": { "line": 259, "column": 0 }, "end": { "line": 259, "column": 68 } },
      "259": { "start": { "line": 260, "column": 0 }, "end": { "line": 260, "column": 2 } },
      "261": { "start": { "line": 262, "column": 0 }, "end": { "line": 262, "column": 32 } },
      "262": { "start": { "line": 263, "column": 0 }, "end": { "line": 263, "column": 40 } },
      "263": { "start": { "line": 264, "column": 0 }, "end": { "line": 264, "column": 1 } }
    },
    "s": {
      "0": 0,
      "1": 0,
      "2": 0,
      "3": 0,
      "4": 0,
      "5": 0,
      "6": 0,
      "7": 0,
      "9": 0,
      "10": 0,
      "11": 0,
      "12": 0,
      "13": 0,
      "14": 0,
      "15": 0,
      "16": 0,
      "17": 0,
      "19": 0,
      "20": 0,
      "21": 0,
      "22": 0,
      "24": 0,
      "25": 0,
      "26": 0,
      "27": 0,
      "28": 0,
      "29": 0,
      "30": 0,
      "31": 0,
      "32": 0,
      "33": 0,
      "34": 0,
      "35": 0,
      "36": 0,
      "37": 0,
      "39": 0,
      "40": 0,
      "41": 0,
      "42": 0,
      "43": 0,
      "44": 0,
      "45": 0,
      "46": 0,
      "47": 0,
      "48": 0,
      "49": 0,
      "50": 0,
      "52": 0,
      "53": 0,
      "54": 0,
      "55": 0,
      "56": 0,
      "57": 0,
      "58": 0,
      "59": 0,
      "60": 0,
      "61": 0,
      "62": 0,
      "63": 0,
      "65": 0,
      "66": 0,
      "67": 0,
      "68": 0,
      "69": 0,
      "70": 0,
      "71": 0,
      "72": 0,
      "73": 0,
      "74": 0,
      "75": 0,
      "76": 0,
      "77": 0,
      "79": 0,
      "80": 0,
      "81": 0,
      "82": 0,
      "83": 0,
      "84": 0,
      "85": 0,
      "86": 0,
      "87": 0,
      "88": 0,
      "89": 0,
      "91": 0,
      "92": 0,
      "93": 0,
      "94": 0,
      "95": 0,
      "96": 0,
      "97": 0,
      "98": 0,
      "99": 0,
      "100": 0,
      "101": 0,
      "102": 0,
      "104": 0,
      "105": 0,
      "106": 0,
      "107": 0,
      "108": 0,
      "109": 0,
      "110": 0,
      "111": 0,
      "112": 0,
      "114": 0,
      "115": 0,
      "116": 0,
      "117": 0,
      "118": 0,
      "119": 0,
      "120": 0,
      "121": 0,
      "122": 0,
      "123": 0,
      "124": 0,
      "125": 0,
      "126": 0,
      "127": 0,
      "128": 0,
      "129": 0,
      "130": 0,
      "131": 0,
      "132": 0,
      "133": 0,
      "134": 0,
      "135": 0,
      "136": 0,
      "137": 0,
      "138": 0,
      "139": 0,
      "140": 0,
      "141": 0,
      "143": 0,
      "144": 0,
      "145": 0,
      "146": 0,
      "147": 0,
      "148": 0,
      "149": 0,
      "150": 0,
      "151": 0,
      "152": 0,
      "153": 0,
      "154": 0,
      "155": 0,
      "156": 0,
      "157": 0,
      "158": 0,
      "159": 0,
      "160": 0,
      "161": 0,
      "163": 0,
      "164": 0,
      "165": 0,
      "166": 0,
      "167": 0,
      "168": 0,
      "169": 0,
      "170": 0,
      "171": 0,
      "172": 0,
      "173": 0,
      "174": 0,
      "175": 0,
      "176": 0,
      "177": 0,
      "178": 0,
      "179": 0,
      "181": 0,
      "182": 0,
      "183": 0,
      "184": 0,
      "185": 0,
      "186": 0,
      "187": 0,
      "188": 0,
      "189": 0,
      "190": 0,
      "191": 0,
      "192": 0,
      "193": 0,
      "194": 0,
      "195": 0,
      "196": 0,
      "197": 0,
      "198": 0,
      "199": 0,
      "203": 0,
      "215": 0,
      "217": 0,
      "219": 0,
      "220": 0,
      "221": 0,
      "222": 0,
      "223": 0,
      "224": 0,
      "225": 0,
      "226": 0,
      "227": 0,
      "229": 0,
      "230": 0,
      "231": 0,
      "232": 0,
      "233": 0,
      "234": 0,
      "235": 0,
      "236": 0,
      "237": 0,
      "239": 0,
      "240": 0,
      "241": 0,
      "242": 0,
      "243": 0,
      "244": 0,
      "245": 0,
      "247": 0,
      "248": 0,
      "249": 0,
      "250": 0,
      "251": 0,
      "252": 0,
      "254": 0,
      "255": 0,
      "256": 0,
      "257": 0,
      "258": 0,
      "259": 0,
      "261": 0,
      "262": 0,
      "263": 0
    },
    "branchMap": {
      "0": {
        "type": "branch",
        "line": 1,
        "loc": { "start": { "line": 1, "column": 0 }, "end": { "line": 265, "column": -7063 } },
        "locations": [
          { "start": { "line": 1, "column": 0 }, "end": { "line": 265, "column": -7063 } }
        ]
      }
    },
    "b": { "0": [0] },
    "fnMap": {
      "0": {
        "name": "(empty-report)",
        "decl": { "start": { "line": 1, "column": 0 }, "end": { "line": 265, "column": -7063 } },
        "loc": { "start": { "line": 1, "column": 0 }, "end": { "line": 265, "column": -7063 } },
        "line": 1
      }
    },
    "f": { "0": 0 }
  },
  "F:\\homelab\\nexus-home-link\\src\\components\\AutomationLogsWidget.vue": {
    "path": "F:\\homelab\\nexus-home-link\\src\\components\\AutomationLogsWidget.vue",
    "all": true,
    "statementMap": {
      "0": { "start": { "line": 1, "column": 0 }, "end": { "line": 1, "column": 10 } },
      "1": { "start": { "line": 2, "column": 0 }, "end": { "line": 2, "column": 59 } },
      "2": { "start": { "line": 3, "column": 0 }, "end": { "line": 3, "column": 56 } },
      "3": { "start": { "line": 4, "column": 0 }, "end": { "line": 4, "column": 60 } },
      "4": { "start": { "line": 5, "column": 0 }, "end": { "line": 5, "column": 43 } },
      "5": { "start": { "line": 6, "column": 0 }, "end": { "line": 6, "column": 51 } },
      "6": { "start": { "line": 7, "column": 0 }, "end": { "line": 7, "column": 55 } },
      "7": { "start": { "line": 8, "column": 0 }, "end": { "line": 8, "column": 14 } },
      "8": { "start": { "line": 9, "column": 0 }, "end": { "line": 9, "column": 15 } },
      "9": { "start": { "line": 10, "column": 0 }, "end": { "line": 10, "column": 30 } },
      "10": { "start": { "line": 11, "column": 0 }, "end": { "line": 11, "column": 77 } },
      "11": { "start": { "line": 12, "column": 0 }, "end": { "line": 12, "column": 30 } },
      "13": { "start": { "line": 14, "column": 0 }, "end": { "line": 14, "column": 39 } },
      "14": { "start": { "line": 15, "column": 0 }, "end": { "line": 15, "column": 17 } },
      "15": { "start": { "line": 16, "column": 0 }, "end": { "line": 16, "column": 12 } },
      "16": { "start": { "line": 17, "column": 0 }, "end": { "line": 17, "column": 10 } },
      "18": { "start": { "line": 19, "column": 0 }, "end": { "line": 19, "column": 29 } },
      "19": { "start": { "line": 20, "column": 0 }, "end": { "line": 20, "column": 60 } },
      "20": { "start": { "line": 21, "column": 0 }, "end": { "line": 21, "column": 68 } },
      "21": { "start": { "line": 22, "column": 0 }, "end": { "line": 22, "column": 45 } },
      "22": { "start": { "line": 23, "column": 0 }, "end": { "line": 23, "column": 51 } },
      "23": { "start": { "line": 24, "column": 0 }, "end": { "line": 24, "column": 54 } },
      "24": { "start": { "line": 25, "column": 0 }, "end": { "line": 25, "column": 16 } },
      "25": { "start": { "line": 26, "column": 0 }, "end": { "line": 26, "column": 15 } },
      "26": { "start": { "line": 27, "column": 0 }, "end": { "line": 27, "column": 80 } },
      "27": { "start": { "line": 28, "column": 0 }, "end": { "line": 28, "column": 77 } },
      "28": { "start": { "line": 29, "column": 0 }, "end": { "line": 29, "column": 34 } },
      "29": { "start": { "line": 30, "column": 0 }, "end": { "line": 30, "column": 16 } },
      "30": { "start": { "line": 31, "column": 0 }, "end": { "line": 31, "column": 16 } },
      "31": { "start": { "line": 32, "column": 0 }, "end": { "line": 32, "column": 14 } },
      "32": { "start": { "line": 33, "column": 0 }, "end": { "line": 33, "column": 12 } },
      "34": { "start": { "line": 35, "column": 0 }, "end": { "line": 35, "column": 64 } },
      "35": { "start": { "line": 36, "column": 0 }, "end": { "line": 36, "column": 45 } },
      "36": { "start": { "line": 37, "column": 0 }, "end": { "line": 37, "column": 49 } },
      "37": { "start": { "line": 38, "column": 0 }, "end": { "line": 38, "column": 50 } },
      "38": { "start": { "line": 39, "column": 0 }, "end": { "line": 39, "column": 16 } },
      "39": { "start": { "line": 40, "column": 0 }, "end": { "line": 40, "column": 15 } },
      "40": { "start": { "line": 41, "column": 0 }, "end": { "line": 41, "column": 72 } },
      "41": { "start": { "line": 42, "column": 0 }, "end": { "line": 42, "column": 93 } },
      "42": { "start": { "line": 43, "column": 0 }, "end": { "line": 43, "column": 16 } },
      "43": { "start": { "line": 44, "column": 0 }, "end": { "line": 44, "column": 14 } },
      "44": { "start": { "line": 45, "column": 0 }, "end": { "line": 45, "column": 12 } },
      "46": { "start": { "line": 47, "column": 0 }, "end": { "line": 47, "column": 66 } },
      "47": { "start": { "line": 48, "column": 0 }, "end": { "line": 48, "column": 45 } },
      "48": { "start": { "line": 49, "column": 0 }, "end": { "line": 49, "column": 50 } },
      "49": { "start": { "line": 50, "column": 0 }, "end": { "line": 50, "column": 48 } },
      "50": { "start": { "line": 51, "column": 0 }, "end": { "line": 51, "column": 16 } },
      "51": { "start": { "line": 52, "column": 0 }, "end": { "line": 52, "column": 15 } },
      "52": { "start": { "line": 53, "column": 0 }, "end": { "line": 53, "column": 75 } },
      "53": { "start": { "line": 54, "column": 0 }, "end": { "line": 54, "column": 75 } },
      "54": { "start": { "line": 55, "column": 0 }, "end": { "line": 55, "column": 38 } },
      "55": { "start": { "line": 56, "column": 0 }, "end": { "line": 56, "column": 16 } },
      "56": { "start": { "line": 57, "column": 0 }, "end": { "line": 57, "column": 16 } },
      "57": { "start": { "line": 58, "column": 0 }, "end": { "line": 58, "column": 14 } },
      "58": { "start": { "line": 59, "column": 0 }, "end": { "line": 59, "column": 12 } },
      "60": { "start": { "line": 61, "column": 0 }, "end": { "line": 61, "column": 70 } },
      "61": { "start": { "line": 62, "column": 0 }, "end": { "line": 62, "column": 45 } },
      "62": { "start": { "line": 63, "column": 0 }, "end": { "line": 63, "column": 52 } },
      "63": { "start": { "line": 64, "column": 0 }, "end": { "line": 64, "column": 46 } },
      "64": { "start": { "line": 65, "column": 0 }, "end": { "line": 65, "column": 16 } },
      "65": { "start": { "line": 66, "column": 0 }, "end": { "line": 66, "column": 15 } },
      "66": { "start": { "line": 67, "column": 0 }, "end": { "line": 67, "column": 80 } },
      "67": { "start": { "line": 68, "column": 0 }, "end": { "line": 68, "column": 79 } },
      "68": { "start": { "line": 69, "column": 0 }, "end": { "line": 69, "column": 33 } },
      "69": { "start": { "line": 70, "column": 0 }, "end": { "line": 70, "column": 16 } },
      "70": { "start": { "line": 71, "column": 0 }, "end": { "line": 71, "column": 16 } },
      "71": { "start": { "line": 72, "column": 0 }, "end": { "line": 72, "column": 14 } },
      "72": { "start": { "line": 73, "column": 0 }, "end": { "line": 73, "column": 12 } },
      "73": { "start": { "line": 74, "column": 0 }, "end": { "line": 74, "column": 10 } },
      "75": { "start": { "line": 76, "column": 0 }, "end": { "line": 76, "column": 24 } },
      "76": { "start": { "line": 77, "column": 0 }, "end": { "line": 77, "column": 43 } },
      "77": { "start": { "line": 78, "column": 0 }, "end": { "line": 78, "column": 13 } },
      "78": { "start": { "line": 79, "column": 0 }, "end": { "line": 79, "column": 36 } },
      "79": { "start": { "line": 80, "column": 0 }, "end": { "line": 80, "column": 24 } },
      "80": { "start": { "line": 81, "column": 0 }, "end": { "line": 81, "column": 43 } },
      "81": { "start": { "line": 82, "column": 0 }, "end": { "line": 82, "column": 17 } },
      "88": { "start": { "line": 89, "column": 0 }, "end": { "line": 89, "column": 67 } },
      "89": { "start": { "line": 90, "column": 0 }, "end": { "line": 90, "column": 25 } },
      "90": { "start": { "line": 91, "column": 0 }, "end": { "line": 91, "column": 15 } },
      "91": { "start": { "line": 92, "column": 0 }, "end": { "line": 92, "column": 10 } },
      "93": { "start": { "line": 94, "column": 0 }, "end": { "line": 94, "column": 28 } },
      "94": { "start": { "line": 95, "column": 0 }, "end": { "line": 95, "column": 27 } },
      "95": { "start": { "line": 96, "column": 0 }, "end": { "line": 96, "column": 10 } },
      "96": { "start": { "line": 97, "column": 0 }, "end": { "line": 97, "column": 35 } },
      "97": { "start": { "line": 98, "column": 0 }, "end": { "line": 98, "column": 21 } },
      "98": { "start": { "line": 99, "column": 0 }, "end": { "line": 99, "column": 87 } },
      "100": { "start": { "line": 101, "column": 0 }, "end": { "line": 101, "column": 44 } },
      "101": { "start": { "line": 102, "column": 0 }, "end": { "line": 102, "column": 14 } },
      "102": { "start": { "line": 103, "column": 0 }, "end": { "line": 103, "column": 21 } },
      "110": { "start": { "line": 111, "column": 0 }, "end": { "line": 111, "column": 12 } },
      "111": { "start": { "line": 112, "column": 0 }, "end": { "line": 112, "column": 38 } },
      "112": { "start": { "line": 113, "column": 0 }, "end": { "line": 113, "column": 54 } },
      "113": { "start": { "line": 114, "column": 0 }, "end": { "line": 114, "column": 61 } },
      "114": { "start": { "line": 115, "column": 0 }, "end": { "line": 115, "column": 19 } },
      "115": { "start": { "line": 116, "column": 0 }, "end": { "line": 116, "column": 25 } },
      "124": { "start": { "line": 125, "column": 0 }, "end": { "line": 125, "column": 46 } },
      "125": { "start": { "line": 126, "column": 0 }, "end": { "line": 126, "column": 21 } },
      "126": { "start": { "line": 127, "column": 0 }, "end": { "line": 127, "column": 18 } },
      "127": { "start": { "line": 128, "column": 0 }, "end": { "line": 128, "column": 83 } },
      "128": { "start": { "line": 129, "column": 0 }, "end": { "line": 129, "column": 79 } },
      "129": { "start": { "line": 130, "column": 0 }, "end": { "line": 130, "column": 44 } },
      "130": { "start": { "line": 131, "column": 0 }, "end": { "line": 131, "column": 41 } },
      "131": { "start": { "line": 132, "column": 0 }, "end": { "line": 132, "column": 45 } },
      "132": { "start": { "line": 133, "column": 0 }, "end": { "line": 133, "column": 18 } },
      "133": { "start": { "line": 134, "column": 0 }, "end": { "line": 134, "column": 16 } },
      "134": { "start": { "line": 135, "column": 0 }, "end": { "line": 135, "column": 30 } },
      "135": { "start": { "line": 136, "column": 0 }, "end": { "line": 136, "column": 106 } },
      "137": { "start": { "line": 138, "column": 0 }, "end": { "line": 138, "column": 29 } },
      "138": { "start": { "line": 139, "column": 0 }, "end": { "line": 139, "column": 18 } },
      "139": { "start": { "line": 140, "column": 0 }, "end": { "line": 140, "column": 16 } },
      "140": { "start": { "line": 141, "column": 0 }, "end": { "line": 141, "column": 34 } },
      "141": { "start": { "line": 142, "column": 0 }, "end": { "line": 142, "column": 19 } },
      "142": { "start": { "line": 143, "column": 0 }, "end": { "line": 143, "column": 38 } },
      "143": { "start": { "line": 144, "column": 0 }, "end": { "line": 144, "column": 66 } },
      "144": { "start": { "line": 145, "column": 0 }, "end": { "line": 145, "column": 34 } },
      "146": { "start": { "line": 147, "column": 0 }, "end": { "line": 147, "column": 46 } },
      "147": { "start": { "line": 148, "column": 0 }, "end": { "line": 148, "column": 21 } },
      "148": { "start": { "line": 149, "column": 0 }, "end": { "line": 149, "column": 19 } },
      "149": { "start": { "line": 150, "column": 0 }, "end": { "line": 150, "column": 43 } },
      "150": { "start": { "line": 151, "column": 0 }, "end": { "line": 151, "column": 46 } },
      "151": { "start": { "line": 152, "column": 0 }, "end": { "line": 152, "column": 66 } },
      "152": { "start": { "line": 153, "column": 0 }, "end": { "line": 153, "column": 38 } },
      "154": { "start": { "line": 155, "column": 0 }, "end": { "line": 155, "column": 43 } },
      "155": { "start": { "line": 156, "column": 0 }, "end": { "line": 156, "column": 21 } },
      "156": { "start": { "line": 157, "column": 0 }, "end": { "line": 157, "column": 16 } },
      "157": { "start": { "line": 158, "column": 0 }, "end": { "line": 158, "column": 14 } },
      "158": { "start": { "line": 159, "column": 0 }, "end": { "line": 159, "column": 12 } },
      "159": { "start": { "line": 160, "column": 0 }, "end": { "line": 160, "column": 10 } },
      "161": { "start": { "line": 162, "column": 0 }, "end": { "line": 162, "column": 31 } },
      "162": { "start": { "line": 163, "column": 0 }, "end": { "line": 163, "column": 50 } },
      "163": { "start": { "line": 164, "column": 0 }, "end": { "line": 164, "column": 66 } },
      "164": { "start": { "line": 165, "column": 0 }, "end": { "line": 165, "column": 29 } },
      "165": { "start": { "line": 166, "column": 0 }, "end": { "line": 166, "column": 12 } },
      "166": { "start": { "line": 167, "column": 0 }, "end": { "line": 167, "column": 49 } },
      "167": { "start": { "line": 168, "column": 0 }, "end": { "line": 168, "column": 30 } },
      "168": { "start": { "line": 169, "column": 0 }, "end": { "line": 169, "column": 68 } },
      "170": { "start": { "line": 171, "column": 0 }, "end": { "line": 171, "column": 14 } },
      "171": { "start": { "line": 172, "column": 0 }, "end": { "line": 172, "column": 21 } },
      "175": { "start": { "line": 176, "column": 0 }, "end": { "line": 176, "column": 12 } },
      "176": { "start": { "line": 177, "column": 0 }, "end": { "line": 177, "column": 30 } },
      "177": { "start": { "line": 178, "column": 0 }, "end": { "line": 178, "column": 72 } },
      "178": { "start": { "line": 179, "column": 0 }, "end": { "line": 179, "column": 89 } },
      "179": { "start": { "line": 180, "column": 0 }, "end": { "line": 180, "column": 16 } },
      "180": { "start": { "line": 181, "column": 0 }, "end": { "line": 181, "column": 80 } },
      "181": { "start": { "line": 182, "column": 0 }, "end": { "line": 182, "column": 14 } },
      "182": { "start": { "line": 183, "column": 0 }, "end": { "line": 183, "column": 12 } },
      "183": { "start": { "line": 184, "column": 0 }, "end": { "line": 184, "column": 10 } },
      "184": { "start": { "line": 185, "column": 0 }, "end": { "line": 185, "column": 8 } },
      "188": { "start": { "line": 189, "column": 0 }, "end": { "line": 189, "column": 35 } },
      "200": { "start": { "line": 201, "column": 0 }, "end": { "line": 201, "column": 24 } },
      "221": { "start": { "line": 222, "column": 0 }, "end": { "line": 222, "column": 33 } },
      "223": { "start": { "line": 224, "column": 0 }, "end": { "line": 224, "column": 20 } },
      "224": { "start": { "line": 225, "column": 0 }, "end": { "line": 225, "column": 43 } },
      "225": { "start": { "line": 226, "column": 0 }, "end": { "line": 226, "column": 57 } },
      "226": { "start": { "line": 227, "column": 0 }, "end": { "line": 227, "column": 53 } },
      "227": { "start": { "line": 228, "column": 0 }, "end": { "line": 228, "column": 49 } },
      "228": { "start": { "line": 229, "column": 0 }, "end": { "line": 229, "column": 1 } },
      "230": { "start": { "line": 231, "column": 0 }, "end": { "line": 231, "column": 45 } },
      "231": { "start": { "line": 232, "column": 0 }, "end": { "line": 232, "column": 3 } },
      "232": { "start": { "line": 233, "column": 0 }, "end": { "line": 233, "column": 12 } },
      "233": { "start": { "line": 234, "column": 0 }, "end": { "line": 234, "column": 28 } },
      "234": { "start": { "line": 235, "column": 0 }, "end": { "line": 235, "column": 74 } },
      "235": { "start": { "line": 236, "column": 0 }, "end": { "line": 236, "column": 22 } },
      "236": { "start": { "line": 237, "column": 0 }, "end": { "line": 237, "column": 27 } },
      "237": { "start": { "line": 238, "column": 0 }, "end": { "line": 238, "column": 24 } },
      "238": { "start": { "line": 239, "column": 0 }, "end": { "line": 239, "column": 19 } },
      "239": { "start": { "line": 240, "column": 0 }, "end": { "line": 240, "column": 4 } },
      "240": { "start": { "line": 241, "column": 0 }, "end": { "line": 241, "column": 3 } },
      "241": { "start": { "line": 242, "column": 0 }, "end": { "line": 242, "column": 12 } },
      "242": { "start": { "line": 243, "column": 0 }, "end": { "line": 243, "column": 27 } },
      "243": { "start": { "line": 244, "column": 0 }, "end": { "line": 244, "column": 68 } },
      "244": { "start": { "line": 245, "column": 0 }, "end": { "line": 245, "column": 22 } },
      "245": { "start": { "line": 246, "column": 0 }, "end": { "line": 246, "column": 27 } },
      "246": { "start": { "line": 247, "column": 0 }, "end": { "line": 247, "column": 24 } },
      "247": { "start": { "line": 248, "column": 0 }, "end": { "line": 248, "column": 19 } },
      "248": { "start": { "line": 249, "column": 0 }, "end": { "line": 249, "column": 4 } },
      "249": { "start": { "line": 250, "column": 0 }, "end": { "line": 250, "column": 3 } },
      "250": { "start": { "line": 251, "column": 0 }, "end": { "line": 251, "column": 12 } },
      "251": { "start": { "line": 252, "column": 0 }, "end": { "line": 252, "column": 32 } },
      "252": { "start": { "line": 253, "column": 0 }, "end": { "line": 253, "column": 57 } },
      "253": { "start": { "line": 254, "column": 0 }, "end": { "line": 254, "column": 20 } },
      "254": { "start": { "line": 255, "column": 0 }, "end": { "line": 255, "column": 27 } },
      "255": { "start": { "line": 256, "column": 0 }, "end": { "line": 256, "column": 24 } },
      "256": { "start": { "line": 257, "column": 0 }, "end": { "line": 257, "column": 19 } },
      "257": { "start": { "line": 258, "column": 0 }, "end": { "line": 258, "column": 56 } },
      "258": { "start": { "line": 259, "column": 0 }, "end": { "line": 259, "column": 4 } },
      "259": { "start": { "line": 260, "column": 0 }, "end": { "line": 260, "column": 3 } },
      "260": { "start": { "line": 261, "column": 0 }, "end": { "line": 261, "column": 12 } },
      "261": { "start": { "line": 262, "column": 0 }, "end": { "line": 262, "column": 23 } },
      "262": { "start": { "line": 263, "column": 0 }, "end": { "line": 263, "column": 56 } },
      "263": { "start": { "line": 264, "column": 0 }, "end": { "line": 264, "column": 22 } },
      "264": { "start": { "line": 265, "column": 0 }, "end": { "line": 265, "column": 28 } },
      "265": { "start": { "line": 266, "column": 0 }, "end": { "line": 266, "column": 27 } },
      "266": { "start": { "line": 267, "column": 0 }, "end": { "line": 267, "column": 26 } },
      "267": { "start": { "line": 268, "column": 0 }, "end": { "line": 268, "column": 4 } },
      "268": { "start": { "line": 269, "column": 0 }, "end": { "line": 269, "column": 3 } },
      "269": { "start": { "line": 270, "column": 0 }, "end": { "line": 270, "column": 12 } },
      "270": { "start": { "line": 271, "column": 0 }, "end": { "line": 271, "column": 26 } },
      "271": { "start": { "line": 272, "column": 0 }, "end": { "line": 272, "column": 51 } },
      "272": { "start": { "line": 273, "column": 0 }, "end": { "line": 273, "column": 22 } },
      "273": { "start": { "line": 274, "column": 0 }, "end": { "line": 274, "column": 27 } },
      "274": { "start": { "line": 275, "column": 0 }, "end": { "line": 275, "column": 22 } },
      "275": { "start": { "line": 276, "column": 0 }, "end": { "line": 276, "column": 19 } },
      "276": { "start": { "line": 277, "column": 0 }, "end": { "line": 277, "column": 4 } },
      "277": { "start": { "line": 278, "column": 0 }, "end": { "line": 278, "column": 3 } },
      "278": { "start": { "line": 279, "column": 0 }, "end": { "line": 279, "column": 12 } },
      "279": { "start": { "line": 280, "column": 0 }, "end": { "line": 280, "column": 25 } },
      "280": { "start": { "line": 281, "column": 0 }, "end": { "line": 281, "column": 48 } },
      "281": { "start": { "line": 282, "column": 0 }, "end": { "line": 282, "column": 20 } },
      "282": { "start": { "line": 283, "column": 0 }, "end": { "line": 283, "column": 31 } },
      "283": { "start": { "line": 284, "column": 0 }, "end": { "line": 284, "column": 22 } },
      "284": { "start": { "line": 285, "column": 0 }, "end": { "line": 285, "column": 20 } },
      "285": { "start": { "line": 286, "column": 0 }, "end": { "line": 286, "column": 57 } },
      "286": { "start": { "line": 287, "column": 0 }, "end": { "line": 287, "column": 3 } },
      "287": { "start": { "line": 288, "column": 0 }, "end": { "line": 288, "column": 2 } },
      "289": { "start": { "line": 290, "column": 0 }, "end": { "line": 290, "column": 51 } },
      "290": { "start": { "line": 291, "column": 0 }, "end": { "line": 291, "column": 3 } },
      "291": { "start": { "line": 292, "column": 0 }, "end": { "line": 292, "column": 12 } },
      "292": { "start": { "line": 293, "column": 0 }, "end": { "line": 293, "column": 29 } },
      "293": { "start": { "line": 294, "column": 0 }, "end": { "line": 294, "column": 55 } },
      "294": { "start": { "line": 295, "column": 0 }, "end": { "line": 295, "column": 22 } },
      "295": { "start": { "line": 296, "column": 0 }, "end": { "line": 296, "column": 25 } },
      "296": { "start": { "line": 297, "column": 0 }, "end": { "line": 297, "column": 4 } },
      "297": { "start": { "line": 298, "column": 0 }, "end": { "line": 298, "column": 3 } },
      "298": { "start": { "line": 299, "column": 0 }, "end": { "line": 299, "column": 12 } },
      "299": { "start": { "line": 300, "column": 0 }, "end": { "line": 300, "column": 22 } },
      "300": { "start": { "line": 301, "column": 0 }, "end": { "line": 301, "column": 44 } },
      "301": { "start": { "line": 302, "column": 0 }, "end": { "line": 302, "column": 22 } },
      "302": { "start": { "line": 303, "column": 0 }, "end": { "line": 303, "column": 22 } },
      "303": { "start": { "line": 304, "column": 0 }, "end": { "line": 304, "column": 4 } },
      "304": { "start": { "line": 305, "column": 0 }, "end": { "line": 305, "column": 3 } },
      "305": { "start": { "line": 306, "column": 0 }, "end": { "line": 306, "column": 12 } },
      "306": { "start": { "line": 307, "column": 0 }, "end": { "line": 307, "column": 28 } },
      "307": { "start": { "line": 308, "column": 0 }, "end": { "line": 308, "column": 55 } },
      "308": { "start": { "line": 309, "column": 0 }, "end": { "line": 309, "column": 20 } },
      "309": { "start": { "line": 310, "column": 0 }, "end": { "line": 310, "column": 23 } },
      "310": { "start": { "line": 311, "column": 0 }, "end": { "line": 311, "column": 3 } },
      "311": { "start": { "line": 312, "column": 0 }, "end": { "line": 312, "column": 2 } },
      "313": { "start": { "line": 314, "column": 0 }, "end": { "line": 314, "column": 68 } },
      "315": { "start": { "line": 316, "column": 0 }, "end": { "line": 316, "column": 32 } },
      "316": { "start": { "line": 317, "column": 0 }, "end": { "line": 317, "column": 75 } },
      "317": { "start": { "line": 318, "column": 0 }, "end": { "line": 318, "column": 1 } },
      "319": { "start": { "line": 320, "column": 0 }, "end": { "line": 320, "column": 100 } },
      "321": { "start": { "line": 322, "column": 0 }, "end": { "line": 322, "column": 36 } },
      "322": { "start": { "line": 323, "column": 0 }, "end": { "line": 323, "column": 75 } },
      "323": { "start": { "line": 324, "column": 0 }, "end": { "line": 324, "column": 1 } },
      "325": { "start": { "line": 326, "column": 0 }, "end": { "line": 326, "column": 96 } },
      "327": { "start": { "line": 328, "column": 0 }, "end": { "line": 328, "column": 37 } },
      "328": { "start": { "line": 329, "column": 0 }, "end": { "line": 329, "column": 39 } },
      "329": { "start": { "line": 330, "column": 0 }, "end": { "line": 330, "column": 31 } },
      "330": { "start": { "line": 331, "column": 0 }, "end": { "line": 331, "column": 3 } },
      "331": { "start": { "line": 332, "column": 0 }, "end": { "line": 332, "column": 80 } },
      "332": { "start": { "line": 333, "column": 0 }, "end": { "line": 333, "column": 2 } },
      "334": { "start": { "line": 335, "column": 0 }, "end": { "line": 335, "column": 36 } },
      "335": { "start": { "line": 336, "column": 0 }, "end": { "line": 336, "column": 36 } },
      "336": { "start": { "line": 337, "column": 0 }, "end": { "line": 337, "column": 1 } },
      "338": { "start": { "line": 339, "column": 0 }, "end": { "line": 339, "column": 44 } },
      "339": { "start": { "line": 340, "column": 0 }, "end": { "line": 340, "column": 60 } },
      "340": { "start": { "line": 341, "column": 0 }, "end": { "line": 341, "column": 12 } },
      "341": { "start": { "line": 342, "column": 0 }, "end": { "line": 342, "column": 26 } },
      "342": { "start": { "line": 343, "column": 0 }, "end": { "line": 343, "column": 25 } },
      "343": { "start": { "line": 344, "column": 0 }, "end": { "line": 344, "column": 31 } },
      "344": { "start": { "line": 345, "column": 0 }, "end": { "line": 345, "column": 20 } },
      "345": { "start": { "line": 346, "column": 0 }, "end": { "line": 346, "column": 3 } },
      "346": { "start": { "line": 347, "column": 0 }, "end": { "line": 347, "column": 1 } },
      "348": { "start": { "line": 349, "column": 0 }, "end": { "line": 349, "column": 27 } },
      "349": { "start": { "line": 350, "column": 0 }, "end": { "line": 350, "column": 46 } },
      "350": { "start": { "line": 351, "column": 0 }, "end": { "line": 351, "column": 1 } }
    },
    "s": {
      "0": 0,
      "1": 0,
      "2": 0,
      "3": 0,
      "4": 0,
      "5": 0,
      "6": 0,
      "7": 0,
      "8": 0,
      "9": 0,
      "10": 0,
      "11": 0,
      "13": 0,
      "14": 0,
      "15": 0,
      "16": 0,
      "18": 0,
      "19": 0,
      "20": 0,
      "21": 0,
      "22": 0,
      "23": 0,
      "24": 0,
      "25": 0,
      "26": 0,
      "27": 0,
      "28": 0,
      "29": 0,
      "30": 0,
      "31": 0,
      "32": 0,
      "34": 0,
      "35": 0,
      "36": 0,
      "37": 0,
      "38": 0,
      "39": 0,
      "40": 0,
      "41": 0,
      "42": 0,
      "43": 0,
      "44": 0,
      "46": 0,
      "47": 0,
      "48": 0,
      "49": 0,
      "50": 0,
      "51": 0,
      "52": 0,
      "53": 0,
      "54": 0,
      "55": 0,
      "56": 0,
      "57": 0,
      "58": 0,
      "60": 0,
      "61": 0,
      "62": 0,
      "63": 0,
      "64": 0,
      "65": 0,
      "66": 0,
      "67": 0,
      "68": 0,
      "69": 0,
      "70": 0,
      "71": 0,
      "72": 0,
      "73": 0,
      "75": 0,
      "76": 0,
      "77": 0,
      "78": 0,
      "79": 0,
      "80": 0,
      "81": 0,
      "88": 0,
      "89": 0,
      "90": 0,
      "91": 0,
      "93": 0,
      "94": 0,
      "95": 0,
      "96": 0,
      "97": 0,
      "98": 0,
      "100": 0,
      "101": 0,
      "102": 0,
      "110": 0,
      "111": 0,
      "112": 0,
      "113": 0,
      "114": 0,
      "115": 0,
      "124": 0,
      "125": 0,
      "126": 0,
      "127": 0,
      "128": 0,
      "129": 0,
      "130": 0,
      "131": 0,
      "132": 0,
      "133": 0,
      "134": 0,
      "135": 0,
      "137": 0,
      "138": 0,
      "139": 0,
      "140": 0,
      "141": 0,
      "142": 0,
      "143": 0,
      "144": 0,
      "146": 0,
      "147": 0,
      "148": 0,
      "149": 0,
      "150": 0,
      "151": 0,
      "152": 0,
      "154": 0,
      "155": 0,
      "156": 0,
      "157": 0,
      "158": 0,
      "159": 0,
      "161": 0,
      "162": 0,
      "163": 0,
      "164": 0,
      "165": 0,
      "166": 0,
      "167": 0,
      "168": 0,
      "170": 0,
      "171": 0,
      "175": 0,
      "176": 0,
      "177": 0,
      "178": 0,
      "179": 0,
      "180": 0,
      "181": 0,
      "182": 0,
      "183": 0,
      "184": 0,
      "188": 0,
      "200": 0,
      "221": 0,
      "223": 0,
      "224": 0,
      "225": 0,
      "226": 0,
      "227": 0,
      "228": 0,
      "230": 0,
      "231": 0,
      "232": 0,
      "233": 0,
      "234": 0,
      "235": 0,
      "236": 0,
      "237": 0,
      "238": 0,
      "239": 0,
      "240": 0,
      "241": 0,
      "242": 0,
      "243": 0,
      "244": 0,
      "245": 0,
      "246": 0,
      "247": 0,
      "248": 0,
      "249": 0,
      "250": 0,
      "251": 0,
      "252": 0,
      "253": 0,
      "254": 0,
      "255": 0,
      "256": 0,
      "257": 0,
      "258": 0,
      "259": 0,
      "260": 0,
      "261": 0,
      "262": 0,
      "263": 0,
      "264": 0,
      "265": 0,
      "266": 0,
      "267": 0,
      "268": 0,
      "269": 0,
      "270": 0,
      "271": 0,
      "272": 0,
      "273": 0,
      "274": 0,
      "275": 0,
      "276": 0,
      "277": 0,
      "278": 0,
      "279": 0,
      "280": 0,
      "281": 0,
      "282": 0,
      "283": 0,
      "284": 0,
      "285": 0,
      "286": 0,
      "287": 0,
      "289": 0,
      "290": 0,
      "291": 0,
      "292": 0,
      "293": 0,
      "294": 0,
      "295": 0,
      "296": 0,
      "297": 0,
      "298": 0,
      "299": 0,
      "300": 0,
      "301": 0,
      "302": 0,
      "303": 0,
      "304": 0,
      "305": 0,
      "306": 0,
      "307": 0,
      "308": 0,
      "309": 0,
      "310": 0,
      "311": 0,
      "313": 0,
      "315": 0,
      "316": 0,
      "317": 0,
      "319": 0,
      "321": 0,
      "322": 0,
      "323": 0,
      "325": 0,
      "327": 0,
      "328": 0,
      "329": 0,
      "330": 0,
      "331": 0,
      "332": 0,
      "334": 0,
      "335": 0,
      "336": 0,
      "338": 0,
      "339": 0,
      "340": 0,
      "341": 0,
      "342": 0,
      "343": 0,
      "344": 0,
      "345": 0,
      "346": 0,
      "348": 0,
      "349": 0,
      "350": 0
    },
    "branchMap": {
      "0": {
        "type": "branch",
        "line": 1,
        "loc": { "start": { "line": 1, "column": 0 }, "end": { "line": 352, "column": -9444 } },
        "locations": [
          { "start": { "line": 1, "column": 0 }, "end": { "line": 352, "column": -9444 } }
        ]
      }
    },
    "b": { "0": [0] },
    "fnMap": {
      "0": {
        "name": "(empty-report)",
        "decl": { "start": { "line": 1, "column": 0 }, "end": { "line": 352, "column": -9444 } },
        "loc": { "start": { "line": 1, "column": 0 }, "end": { "line": 352, "column": -9444 } },
        "line": 1
      }
    },
    "f": { "0": 0 }
  },
  "F:\\homelab\\nexus-home-link\\src\\components\\BackupStatusWidget.vue": {
    "path": "F:\\homelab\\nexus-home-link\\src\\components\\BackupStatusWidget.vue",
    "all": true,
    "statementMap": {
      "0": { "start": { "line": 1, "column": 0 }, "end": { "line": 1, "column": 10 } },
      "1": { "start": { "line": 2, "column": 0 }, "end": { "line": 2, "column": 96 } },
      "2": { "start": { "line": 3, "column": 0 }, "end": { "line": 3, "column": 27 } },
      "3": { "start": { "line": 4, "column": 0 }, "end": { "line": 4, "column": 21 } },
      "4": { "start": { "line": 5, "column": 0 }, "end": { "line": 5, "column": 53 } },
      "5": { "start": { "line": 6, "column": 0 }, "end": { "line": 6, "column": 45 } },
      "6": { "start": { "line": 7, "column": 0 }, "end": { "line": 7, "column": 52 } },
      "7": { "start": { "line": 8, "column": 0 }, "end": { "line": 8, "column": 78 } },
      "8": { "start": { "line": 9, "column": 0 }, "end": { "line": 9, "column": 14 } },
      "9": { "start": { "line": 10, "column": 0 }, "end": { "line": 10, "column": 45 } },
      "10": { "start": { "line": 11, "column": 0 }, "end": { "line": 11, "column": 91 } },
      "11": { "start": { "line": 12, "column": 0 }, "end": { "line": 12, "column": 14 } },
      "12": { "start": { "line": 13, "column": 0 }, "end": { "line": 13, "column": 12 } },
      "14": { "start": { "line": 15, "column": 0 }, "end": { "line": 15, "column": 27 } },
      "15": { "start": { "line": 16, "column": 0 }, "end": { "line": 16, "column": 42 } },
      "16": { "start": { "line": 17, "column": 0 }, "end": { "line": 17, "column": 60 } },
      "17": { "start": { "line": 18, "column": 0 }, "end": { "line": 18, "column": 69 } },
      "18": { "start": { "line": 19, "column": 0 }, "end": { "line": 19, "column": 65 } },
      "19": { "start": { "line": 20, "column": 0 }, "end": { "line": 20, "column": 65 } },
      "20": { "start": { "line": 21, "column": 0 }, "end": { "line": 21, "column": 14 } },
      "21": { "start": { "line": 22, "column": 0 }, "end": { "line": 22, "column": 60 } },
      "22": { "start": { "line": 23, "column": 0 }, "end": { "line": 23, "column": 72 } },
      "23": { "start": { "line": 24, "column": 0 }, "end": { "line": 24, "column": 61 } },
      "24": { "start": { "line": 25, "column": 0 }, "end": { "line": 25, "column": 64 } },
      "25": { "start": { "line": 26, "column": 0 }, "end": { "line": 26, "column": 14 } },
      "26": { "start": { "line": 27, "column": 0 }, "end": { "line": 27, "column": 60 } },
      "27": { "start": { "line": 28, "column": 0 }, "end": { "line": 28, "column": 62 } },
      "28": { "start": { "line": 29, "column": 0 }, "end": { "line": 29, "column": 66 } },
      "29": { "start": { "line": 30, "column": 0 }, "end": { "line": 30, "column": 69 } },
      "30": { "start": { "line": 31, "column": 0 }, "end": { "line": 31, "column": 14 } },
      "31": { "start": { "line": 32, "column": 0 }, "end": { "line": 32, "column": 12 } },
      "33": { "start": { "line": 34, "column": 0 }, "end": { "line": 34, "column": 26 } },
      "34": { "start": { "line": 35, "column": 0 }, "end": { "line": 35, "column": 29 } },
      "35": { "start": { "line": 36, "column": 0 }, "end": { "line": 36, "column": 72 } },
      "36": { "start": { "line": 37, "column": 0 }, "end": { "line": 37, "column": 31 } },
      "37": { "start": { "line": 38, "column": 0 }, "end": { "line": 38, "column": 14 } },
      "38": { "start": { "line": 39, "column": 0 }, "end": { "line": 39, "column": 104 } },
      "40": { "start": { "line": 41, "column": 0 }, "end": { "line": 41, "column": 49 } },
      "41": { "start": { "line": 42, "column": 0 }, "end": { "line": 42, "column": 73 } },
      "42": { "start": { "line": 43, "column": 0 }, "end": { "line": 43, "column": 47 } },
      "43": { "start": { "line": 44, "column": 0 }, "end": { "line": 44, "column": 20 } },
      "44": { "start": { "line": 45, "column": 0 }, "end": { "line": 45, "column": 19 } },
      "45": { "start": { "line": 46, "column": 0 }, "end": { "line": 46, "column": 77 } },
      "46": { "start": { "line": 47, "column": 0 }, "end": { "line": 47, "column": 82 } },
      "47": { "start": { "line": 48, "column": 0 }, "end": { "line": 48, "column": 20 } },
      "48": { "start": { "line": 49, "column": 0 }, "end": { "line": 49, "column": 18 } },
      "49": { "start": { "line": 50, "column": 0 }, "end": { "line": 50, "column": 36 } },
      "50": { "start": { "line": 51, "column": 0 }, "end": { "line": 51, "column": 63 } },
      "51": { "start": { "line": 52, "column": 0 }, "end": { "line": 52, "column": 72 } },
      "52": { "start": { "line": 53, "column": 0 }, "end": { "line": 53, "column": 18 } },
      "53": { "start": { "line": 54, "column": 0 }, "end": { "line": 54, "column": 16 } },
      "55": { "start": { "line": 56, "column": 0 }, "end": { "line": 56, "column": 14 } },
      "56": { "start": { "line": 57, "column": 0 }, "end": { "line": 57, "column": 104 } },
      "58": { "start": { "line": 59, "column": 0 }, "end": { "line": 59, "column": 49 } },
      "59": { "start": { "line": 60, "column": 0 }, "end": { "line": 60, "column": 73 } },
      "60": { "start": { "line": 61, "column": 0 }, "end": { "line": 61, "column": 47 } },
      "61": { "start": { "line": 62, "column": 0 }, "end": { "line": 62, "column": 20 } },
      "62": { "start": { "line": 63, "column": 0 }, "end": { "line": 63, "column": 19 } },
      "63": { "start": { "line": 64, "column": 0 }, "end": { "line": 64, "column": 83 } },
      "64": { "start": { "line": 65, "column": 0 }, "end": { "line": 65, "column": 85 } },
      "65": { "start": { "line": 66, "column": 0 }, "end": { "line": 66, "column": 20 } },
      "66": { "start": { "line": 67, "column": 0 }, "end": { "line": 67, "column": 18 } },
      "67": { "start": { "line": 68, "column": 0 }, "end": { "line": 68, "column": 36 } },
      "68": { "start": { "line": 69, "column": 0 }, "end": { "line": 69, "column": 63 } },
      "69": { "start": { "line": 70, "column": 0 }, "end": { "line": 70, "column": 71 } },
      "70": { "start": { "line": 71, "column": 0 }, "end": { "line": 71, "column": 18 } },
      "71": { "start": { "line": 72, "column": 0 }, "end": { "line": 72, "column": 16 } },
      "73": { "start": { "line": 74, "column": 0 }, "end": { "line": 74, "column": 14 } },
      "74": { "start": { "line": 75, "column": 0 }, "end": { "line": 75, "column": 104 } },
      "76": { "start": { "line": 77, "column": 0 }, "end": { "line": 77, "column": 49 } },
      "77": { "start": { "line": 78, "column": 0 }, "end": { "line": 78, "column": 75 } },
      "78": { "start": { "line": 79, "column": 0 }, "end": { "line": 79, "column": 49 } },
      "79": { "start": { "line": 80, "column": 0 }, "end": { "line": 80, "column": 20 } },
      "80": { "start": { "line": 81, "column": 0 }, "end": { "line": 81, "column": 19 } },
      "81": { "start": { "line": 82, "column": 0 }, "end": { "line": 82, "column": 79 } },
      "82": { "start": { "line": 83, "column": 0 }, "end": { "line": 83, "column": 81 } },
      "83": { "start": { "line": 84, "column": 0 }, "end": { "line": 84, "column": 20 } },
      "84": { "start": { "line": 85, "column": 0 }, "end": { "line": 85, "column": 18 } },
      "85": { "start": { "line": 86, "column": 0 }, "end": { "line": 86, "column": 36 } },
      "86": { "start": { "line": 87, "column": 0 }, "end": { "line": 87, "column": 63 } },
      "87": { "start": { "line": 88, "column": 0 }, "end": { "line": 88, "column": 73 } },
      "88": { "start": { "line": 89, "column": 0 }, "end": { "line": 89, "column": 18 } },
      "89": { "start": { "line": 90, "column": 0 }, "end": { "line": 90, "column": 16 } },
      "90": { "start": { "line": 91, "column": 0 }, "end": { "line": 91, "column": 14 } },
      "91": { "start": { "line": 92, "column": 0 }, "end": { "line": 92, "column": 12 } },
      "93": { "start": { "line": 94, "column": 0 }, "end": { "line": 94, "column": 28 } },
      "94": { "start": { "line": 95, "column": 0 }, "end": { "line": 95, "column": 29 } },
      "95": { "start": { "line": 96, "column": 0 }, "end": { "line": 96, "column": 50 } },
      "96": { "start": { "line": 97, "column": 0 }, "end": { "line": 97, "column": 67 } },
      "97": { "start": { "line": 98, "column": 0 }, "end": { "line": 98, "column": 62 } },
      "98": { "start": { "line": 99, "column": 0 }, "end": { "line": 99, "column": 14 } },
      "99": { "start": { "line": 100, "column": 0 }, "end": { "line": 100, "column": 46 } },
      "100": { "start": { "line": 101, "column": 0 }, "end": { "line": 101, "column": 12 } },
      "101": { "start": { "line": 102, "column": 0 }, "end": { "line": 102, "column": 10 } },
      "102": { "start": { "line": 103, "column": 0 }, "end": { "line": 103, "column": 9 } },
      "106": { "start": { "line": 107, "column": 0 }, "end": { "line": 107, "column": 78 } },
      "107": { "start": { "line": 108, "column": 0 }, "end": { "line": 108, "column": 32 } },
      "108": { "start": { "line": 109, "column": 0 }, "end": { "line": 109, "column": 34 } },
      "109": { "start": { "line": 110, "column": 0 }, "end": { "line": 110, "column": 40 } }
    },
    "s": {
      "0": 0,
      "1": 0,
      "2": 0,
      "3": 0,
      "4": 0,
      "5": 0,
      "6": 0,
      "7": 0,
      "8": 0,
      "9": 0,
      "10": 0,
      "11": 0,
      "12": 0,
      "14": 0,
      "15": 0,
      "16": 0,
      "17": 0,
      "18": 0,
      "19": 0,
      "20": 0,
      "21": 0,
      "22": 0,
      "23": 0,
      "24": 0,
      "25": 0,
      "26": 0,
      "27": 0,
      "28": 0,
      "29": 0,
      "30": 0,
      "31": 0,
      "33": 0,
      "34": 0,
      "35": 0,
      "36": 0,
      "37": 0,
      "38": 0,
      "40": 0,
      "41": 0,
      "42": 0,
      "43": 0,
      "44": 0,
      "45": 0,
      "46": 0,
      "47": 0,
      "48": 0,
      "49": 0,
      "50": 0,
      "51": 0,
      "52": 0,
      "53": 0,
      "55": 0,
      "56": 0,
      "58": 0,
      "59": 0,
      "60": 0,
      "61": 0,
      "62": 0,
      "63": 0,
      "64": 0,
      "65": 0,
      "66": 0,
      "67": 0,
      "68": 0,
      "69": 0,
      "70": 0,
      "71": 0,
      "73": 0,
      "74": 0,
      "76": 0,
      "77": 0,
      "78": 0,
      "79": 0,
      "80": 0,
      "81": 0,
      "82": 0,
      "83": 0,
      "84": 0,
      "85": 0,
      "86": 0,
      "87": 0,
      "88": 0,
      "89": 0,
      "90": 0,
      "91": 0,
      "93": 0,
      "94": 0,
      "95": 0,
      "96": 0,
      "97": 0,
      "98": 0,
[...]
        "loc": { "start": { "line": 155, "column": 27 }, "end": { "line": 163, "column": 1 } },
        "line": 155
      },
      "12": {
        "name": "formatBandwidth",
        "decl": { "start": { "line": 165, "column": 31 }, "end": { "line": 167, "column": 1 } },
        "loc": { "start": { "line": 165, "column": 31 }, "end": { "line": 167, "column": 1 } },
        "line": 165
      },
      "13": {
        "name": "formatPercentage",
        "decl": { "start": { "line": 169, "column": 32 }, "end": { "line": 171, "column": 1 } },
        "loc": { "start": { "line": 169, "column": 32 }, "end": { "line": 171, "column": 1 } },
        "line": 169
      },
      "14": {
        "name": "formatTemperature",
        "decl": { "start": { "line": 173, "column": 33 }, "end": { "line": 175, "column": 1 } },
        "loc": { "start": { "line": 173, "column": 33 }, "end": { "line": 175, "column": 1 } },
        "line": 173
      },
      "15": {
        "name": "formatHumidity",
        "decl": { "start": { "line": 177, "column": 30 }, "end": { "line": 179, "column": 1 } },
        "loc": { "start": { "line": 177, "column": 30 }, "end": { "line": 179, "column": 1 } },
        "line": 177
      },
      "16": {
        "name": "formatPower",
        "decl": { "start": { "line": 181, "column": 27 }, "end": { "line": 183, "column": 1 } },
        "loc": { "start": { "line": 181, "column": 27 }, "end": { "line": 183, "column": 1 } },
        "line": 181
      },
      "17": {
        "name": "formatEnergy",
        "decl": { "start": { "line": 185, "column": 28 }, "end": { "line": 187, "column": 1 } },
        "loc": { "start": { "line": 185, "column": 28 }, "end": { "line": 187, "column": 1 } },
        "line": 185
      },
      "18": {
        "name": "isDeviceOnline",
        "decl": { "start": { "line": 189, "column": 30 }, "end": { "line": 196, "column": 1 } },
        "loc": { "start": { "line": 189, "column": 30 }, "end": { "line": 196, "column": 1 } },
        "line": 189
      },
      "19": {
        "name": "getDeviceStatus",
        "decl": { "start": { "line": 198, "column": 31 }, "end": { "line": 202, "column": 1 } },
        "loc": { "start": { "line": 198, "column": 31 }, "end": { "line": 202, "column": 1 } },
        "line": 198
      }
    },
    "f": {
      "0": 3,
      "1": 0,
      "2": 3,
      "3": 0,
      "4": 0,
      "5": 4,
      "6": 4,
      "7": 4,
      "8": 5,
      "9": 0,
      "10": 3,
      "11": 4,
      "12": 0,
      "13": 0,
      "14": 0,
      "15": 0,
      "16": 0,
      "17": 0,
      "18": 2,
      "19": 0
    }
  },
  "F:\\homelab\\nexus-home-link\\src\\utils\\performance.ts": {
    "path": "F:\\homelab\\nexus-home-link\\src\\utils\\performance.ts",
    "all": true,
    "statementMap": {
      "1": { "start": { "line": 2, "column": 0 }, "end": { "line": 2, "column": 85 } },
      "2": { "start": { "line": 3, "column": 0 }, "end": { "line": 3, "column": 33 } },
      "4": { "start": { "line": 5, "column": 0 }, "end": { "line": 5, "column": 21 } },
      "6": { "start": { "line": 7, "column": 0 }, "end": { "line": 7, "column": 34 } },
      "7": { "start": { "line": 8, "column": 0 }, "end": { "line": 8, "column": 33 } },
      "8": { "start": { "line": 9, "column": 0 }, "end": { "line": 9, "column": 35 } },
      "9": { "start": { "line": 10, "column": 0 }, "end": { "line": 10, "column": 74 } },
      "10": { "start": { "line": 11, "column": 0 }, "end": { "line": 11, "column": 6 } },
      "11": { "start": { "line": 12, "column": 0 }, "end": { "line": 12, "column": 10 } },
      "12": { "start": { "line": 13, "column": 0 }, "end": { "line": 13, "column": 33 } },
      "13": { "start": { "line": 14, "column": 0 }, "end": { "line": 14, "column": 72 } },
      "14": { "start": { "line": 15, "column": 0 }, "end": { "line": 15, "column": 17 } },
      "15": { "start": { "line": 16, "column": 0 }, "end": { "line": 16, "column": 3 } },
      "16": { "start": { "line": 17, "column": 0 }, "end": { "line": 17, "column": 1 } },
      "18": { "start": { "line": 19, "column": 0 }, "end": { "line": 19, "column": 49 } },
      "19": { "start": { "line": 20, "column": 0 }, "end": { "line": 20, "column": 15 } },
      "20": { "start": { "line": 21, "column": 0 }, "end": { "line": 21, "column": 22 } },
      "21": { "start": { "line": 22, "column": 0 }, "end": { "line": 22, "column": 18 } },
      "22": { "start": { "line": 23, "column": 0 }, "end": { "line": 23, "column": 33 } },
      "24": { "start": { "line": 25, "column": 0 }, "end": { "line": 25, "column": 7 } },
      "25": { "start": { "line": 26, "column": 0 }, "end": { "line": 26, "column": 29 } },
      "26": { "start": { "line": 27, "column": 0 }, "end": { "line": 27, "column": 33 } },
      "27": { "start": { "line": 28, "column": 0 }, "end": { "line": 28, "column": 72 } },
      "28": { "start": { "line": 29, "column": 0 }, "end": { "line": 29, "column": 17 } },
      "29": { "start": { "line": 30, "column": 0 }, "end": { "line": 30, "column": 19 } },
      "30": { "start": { "line": 31, "column": 0 }, "end": { "line": 31, "column": 33 } },
      "31": { "start": { "line": 32, "column": 0 }, "end": { "line": 32, "column": 90 } },
      "32": { "start": { "line": 33, "column": 0 }, "end": { "line": 33, "column": 15 } },
      "33": { "start": { "line": 34, "column": 0 }, "end": { "line": 34, "column": 3 } },
      "34": { "start": { "line": 35, "column": 0 }, "end": { "line": 35, "column": 1 } },
      "36": { "start": { "line": 37, "column": 0 }, "end": { "line": 37, "column": 57 } },
      "37": { "start": { "line": 38, "column": 0 }, "end": { "line": 38, "column": 33 } },
      "39": { "start": { "line": 40, "column": 0 }, "end": { "line": 40, "column": 10 } },
      "40": { "start": { "line": 41, "column": 0 }, "end": { "line": 41, "column": 16 } },
      "41": { "start": { "line": 42, "column": 0 }, "end": { "line": 42, "column": 35 } },
      "42": { "start": { "line": 43, "column": 0 }, "end": { "line": 43, "column": 74 } },
      "43": { "start": { "line": 44, "column": 0 }, "end": { "line": 44, "column": 24 } },
      "44": { "start": { "line": 45, "column": 0 }, "end": { "line": 45, "column": 5 } },
      "45": { "start": { "line": 46, "column": 0 }, "end": { "line": 46, "column": 3 } },
      "46": { "start": { "line": 47, "column": 0 }, "end": { "line": 47, "column": 1 } },
      "48": { "start": { "line": 49, "column": 0 }, "end": { "line": 49, "column": 60 } },
      "49": { "start": { "line": 50, "column": 0 }, "end": { "line": 50, "column": 10 } },
      "50": { "start": { "line": 51, "column": 0 }, "end": { "line": 51, "column": 14 } },
      "51": { "start": { "line": 52, "column": 0 }, "end": { "line": 52, "column": 42 } },
      "52": { "start": { "line": 53, "column": 0 }, "end": { "line": 53, "column": 43 } },
      "54": { "start": { "line": 55, "column": 0 }, "end": { "line": 55, "column": 38 } },
      "55": { "start": { "line": 56, "column": 0 }, "end": { "line": 56, "column": 18 } },
      "56": { "start": { "line": 57, "column": 0 }, "end": { "line": 57, "column": 27 } },
      "57": { "start": { "line": 58, "column": 0 }, "end": { "line": 58, "column": 5 } },
      "59": { "start": { "line": 60, "column": 0 }, "end": { "line": 60, "column": 32 } },
      "60": { "start": { "line": 61, "column": 0 }, "end": { "line": 61, "column": 19 } },
      "61": { "start": { "line": 62, "column": 0 }, "end": { "line": 62, "column": 12 } },
      "62": { "start": { "line": 63, "column": 0 }, "end": { "line": 63, "column": 3 } },
      "63": { "start": { "line": 64, "column": 0 }, "end": { "line": 64, "column": 1 } },
      "65": { "start": { "line": 66, "column": 0 }, "end": { "line": 66, "column": 60 } },
      "66": { "start": { "line": 67, "column": 0 }, "end": { "line": 67, "column": 10 } },
      "67": { "start": { "line": 68, "column": 0 }, "end": { "line": 68, "column": 15 } },
      "68": { "start": { "line": 69, "column": 0 }, "end": { "line": 69, "column": 42 } },
      "69": { "start": { "line": 70, "column": 0 }, "end": { "line": 70, "column": 25 } },
      "71": { "start": { "line": 72, "column": 0 }, "end": { "line": 72, "column": 38 } },
      "72": { "start": { "line": 73, "column": 0 }, "end": { "line": 73, "column": 22 } },
      "73": { "start": { "line": 74, "column": 0 }, "end": { "line": 74, "column": 19 } },
      "74": { "start": { "line": 75, "column": 0 }, "end": { "line": 75, "column": 23 } },
      "75": { "start": { "line": 76, "column": 0 }, "end": { "line": 76, "column": 51 } },
      "76": { "start": { "line": 77, "column": 0 }, "end": { "line": 77, "column": 5 } },
      "77": { "start": { "line": 78, "column": 0 }, "end": { "line": 78, "column": 3 } },
      "78": { "start": { "line": 79, "column": 0 }, "end": { "line": 79, "column": 1 } },
      "80": { "start": { "line": 81, "column": 0 }, "end": { "line": 81, "column": 78 } },
      "81": { "start": { "line": 82, "column": 0 }, "end": { "line": 82, "column": 40 } },
      "82": { "start": { "line": 83, "column": 0 }, "end": { "line": 83, "column": 60 } },
      "83": { "start": { "line": 84, "column": 0 }, "end": { "line": 84, "column": 10 } },
      "84": { "start": { "line": 85, "column": 0 }, "end": { "line": 85, "column": 34 } },
      "85": { "start": { "line": 86, "column": 0 }, "end": { "line": 86, "column": 3 } },
      "86": { "start": { "line": 87, "column": 0 }, "end": { "line": 87, "column": 1 } },
      "88": { "start": { "line": 89, "column": 0 }, "end": { "line": 89, "column": 51 } },
      "89": { "start": { "line": 90, "column": 0 }, "end": { "line": 90, "column": 39 } },
      "90": { "start": { "line": 91, "column": 0 }, "end": { "line": 91, "column": 33 } },
      "91": { "start": { "line": 92, "column": 0 }, "end": { "line": 92, "column": 10 } },
      "92": { "start": { "line": 93, "column": 0 }, "end": { "line": 93, "column": 20 } },
      "93": { "start": { "line": 94, "column": 0 }, "end": { "line": 94, "column": 3 } },
      "94": { "start": { "line": 95, "column": 0 }, "end": { "line": 95, "column": 1 } }
    },
    "s": {
      "1": 0,
      "2": 0,
      "4": 0,
      "6": 0,
      "7": 0,
      "8": 0,
      "9": 0,
      "10": 0,
      "11": 0,
      "12": 0,
      "13": 0,
      "14": 0,
      "15": 0,
      "16": 0,
      "18": 0,
      "19": 0,
      "20": 0,
      "21": 0,
      "22": 0,
      "24": 0,
      "25": 0,
      "26": 0,
      "27": 0,
      "28": 0,
      "29": 0,
      "30": 0,
      "31": 0,
      "32": 0,
      "33": 0,
      "34": 0,
      "36": 0,
      "37": 0,
      "39": 0,
      "40": 0,
      "41": 0,
      "42": 0,
      "43": 0,
      "44": 0,
      "45": 0,
      "46": 0,
      "48": 0,
      "49": 0,
      "50": 0,
      "51": 0,
      "52": 0,
      "54": 0,
      "55": 0,
      "56": 0,
      "57": 0,
      "59": 0,
      "60": 0,
      "61": 0,
      "62": 0,
      "63": 0,
      "65": 0,
      "66": 0,
      "67": 0,
      "68": 0,
      "69": 0,
      "71": 0,
      "72": 0,
      "73": 0,
      "74": 0,
      "75": 0,
      "76": 0,
      "77": 0,
      "78": 0,
      "80": 0,
      "81": 0,
      "82": 0,
      "83": 0,
      "84": 0,
      "85": 0,
      "86": 0,
      "88": 0,
      "89": 0,
      "90": 0,
      "91": 0,
      "92": 0,
      "93": 0,
      "94": 0
    },
    "branchMap": {
      "0": {
        "type": "branch",
        "line": 1,
        "loc": { "start": { "line": 1, "column": 43 }, "end": { "line": 95, "column": -286 } },
        "locations": [
          { "start": { "line": 1, "column": 43 }, "end": { "line": 95, "column": -286 } }
        ]
      }
    },
    "b": { "0": [1] },
    "fnMap": {
      "0": {
        "name": "(empty-report)",
        "decl": { "start": { "line": 1, "column": 43 }, "end": { "line": 95, "column": -286 } },
        "loc": { "start": { "line": 1, "column": 43 }, "end": { "line": 95, "column": -286 } },
        "line": 1
      }
    },
    "f": { "0": 1 }
  },
  "F:\\homelab\\nexus-home-link\\src\\views\\Dashboard.vue": {
    "path": "F:\\homelab\\nexus-home-link\\src\\views\\Dashboard.vue",
    "all": true,
    "statementMap": {
      "0": { "start": { "line": 1, "column": 0 }, "end": { "line": 1, "column": 10 } },
      "1": { "start": { "line": 2, "column": 0 }, "end": { "line": 2, "column": 6 } },
      "2": { "start": { "line": 3, "column": 0 }, "end": { "line": 3, "column": 65 } },
      "3": { "start": { "line": 4, "column": 0 }, "end": { "line": 4, "column": 59 } },
      "5": { "start": { "line": 6, "column": 0 }, "end": { "line": 6, "column": 31 } },
      "6": { "start": { "line": 7, "column": 0 }, "end": { "line": 7, "column": 70 } },
      "8": { "start": { "line": 9, "column": 0 }, "end": { "line": 9, "column": 25 } },
      "9": { "start": { "line": 10, "column": 0 }, "end": { "line": 10, "column": 49 } },
      "10": { "start": { "line": 11, "column": 0 }, "end": { "line": 11, "column": 33 } },
      "11": { "start": { "line": 12, "column": 0 }, "end": { "line": 12, "column": 26 } },
      "12": { "start": { "line": 13, "column": 0 }, "end": { "line": 13, "column": 31 } },
      "13": { "start": { "line": 14, "column": 0 }, "end": { "line": 14, "column": 34 } },
      "14": { "start": { "line": 15, "column": 0 }, "end": { "line": 15, "column": 47 } },
      "15": { "start": { "line": 16, "column": 0 }, "end": { "line": 16, "column": 46 } },
      "16": { "start": { "line": 17, "column": 0 }, "end": { "line": 17, "column": 8 } },
      "18": { "start": { "line": 19, "column": 0 }, "end": { "line": 19, "column": 32 } },
      "19": { "start": { "line": 20, "column": 0 }, "end": { "line": 20, "column": 56 } },
      "20": { "start": { "line": 21, "column": 0 }, "end": { "line": 21, "column": 43 } },
      "21": { "start": { "line": 22, "column": 0 }, "end": { "line": 22, "column": 27 } },
      "22": { "start": { "line": 23, "column": 0 }, "end": { "line": 23, "column": 35 } },
      "23": { "start": { "line": 24, "column": 0 }, "end": { "line": 24, "column": 36 } },
      "24": { "start": { "line": 25, "column": 0 }, "end": { "line": 25, "column": 53 } },
      "25": { "start": { "line": 26, "column": 0 }, "end": { "line": 26, "column": 12 } },
      "26": { "start": { "line": 27, "column": 0 }, "end": { "line": 27, "column": 15 } },
      "27": { "start": { "line": 28, "column": 0 }, "end": { "line": 28, "column": 12 } },
      "28": { "start": { "line": 29, "column": 0 }, "end": { "line": 29, "column": 10 } },
      "29": { "start": { "line": 30, "column": 0 }, "end": { "line": 30, "column": 8 } },
      "33": { "start": { "line": 34, "column": 0 }, "end": { "line": 34, "column": 36 } },
      "34": { "start": { "line": 35, "column": 0 }, "end": { "line": 35, "column": 69 } },
      "35": { "start": { "line": 36, "column": 0 }, "end": { "line": 36, "column": 70 } },
      "36": { "start": { "line": 37, "column": 0 }, "end": { "line": 37, "column": 64 } },
      "38": { "start": { "line": 39, "column": 0 }, "end": { "line": 39, "column": 35 } },
      "39": { "start": { "line": 40, "column": 0 }, "end": { "line": 40, "column": 35 } },
      "40": { "start": { "line": 41, "column": 0 }, "end": { "line": 41, "column": 70 } },
      "42": { "start": { "line": 43, "column": 0 }, "end": { "line": 43, "column": 39 } },
      "43": { "start": { "line": 44, "column": 0 }, "end": { "line": 44, "column": 23 } },
      "44": { "start": { "line": 45, "column": 0 }, "end": { "line": 45, "column": 1 } },
      "46": { "start": { "line": 47, "column": 0 }, "end": { "line": 47, "column": 32 } },
      "47": { "start": { "line": 48, "column": 0 }, "end": { "line": 48, "column": 50 } },
      "48": { "start": { "line": 49, "column": 0 }, "end": { "line": 49, "column": 1 } },
      "50": { "start": { "line": 51, "column": 0 }, "end": { "line": 51, "column": 29 } },
      "51": { "start": { "line": 52, "column": 0 }, "end": { "line": 52, "column": 24 } },
      "53": { "start": { "line": 54, "column": 0 }, "end": { "line": 54, "column": 1 } },
      "56": { "start": { "line": 57, "column": 0 }, "end": { "line": 57, "column": 17 } },
      "57": { "start": { "line": 58, "column": 0 }, "end": { "line": 58, "column": 46 } },
      "58": { "start": { "line": 59, "column": 0 }, "end": { "line": 59, "column": 29 } },
      "59": { "start": { "line": 60, "column": 0 }, "end": { "line": 60, "column": 36 } },
      "60": { "start": { "line": 61, "column": 0 }, "end": { "line": 61, "column": 5 } },
      "61": { "start": { "line": 62, "column": 0 }, "end": { "line": 62, "column": 3 } },
      "63": { "start": { "line": 64, "column": 0 }, "end": { "line": 64, "column": 52 } },
      "64": { "start": { "line": 65, "column": 0 }, "end": { "line": 65, "column": 24 } },
      "65": { "start": { "line": 66, "column": 0 }, "end": { "line": 66, "column": 2 } }
    },
    "s": {
      "0": 0,
      "1": 0,
      "2": 0,
      "3": 0,
      "5": 0,
      "6": 0,
      "8": 0,
      "9": 0,
      "10": 0,
      "11": 0,
      "12": 0,
      "13": 0,
      "14": 0,
      "15": 0,
      "16": 0,
      "18": 0,
      "19": 0,
      "20": 0,
      "21": 0,
      "22": 0,
      "23": 0,
      "24": 0,
      "25": 0,
      "26": 0,
      "27": 0,
      "28": 0,
      "29": 0,
      "33": 0,
      "34": 0,
      "35": 0,
      "36": 0,
      "38": 0,
      "39": 0,
      "40": 0,
      "42": 0,
      "43": 0,
      "44": 0,
      "46": 0,
      "47": 0,
      "48": 0,
      "50": 0,
      "51": 0,
      "53": 0,
      "56": 0,
      "57": 0,
      "58": 0,
      "59": 0,
      "60": 0,
      "61": 0,
      "63": 0,
      "64": 0,
      "65": 0
    },
    "branchMap": {
      "0": {
        "type": "branch",
        "line": 1,
        "loc": { "start": { "line": 1, "column": 0 }, "end": { "line": 67, "column": -149 } },
        "locations": [
          { "start": { "line": 1, "column": 0 }, "end": { "line": 67, "column": -149 } }
        ]
      }
    },
    "b": { "0": [0] },
    "fnMap": {
      "0": {
        "name": "(empty-report)",
        "decl": { "start": { "line": 1, "column": 0 }, "end": { "line": 67, "column": -149 } },
        "loc": { "start": { "line": 1, "column": 0 }, "end": { "line": 67, "column": -149 } },
        "line": 1
      }
    },
    "f": { "0": 0 }
  },
  "F:\\homelab\\nexus-home-link\\src\\views\\NotFound.vue": {
    "path": "F:\\homelab\\nexus-home-link\\src\\views\\NotFound.vue",
    "all": true,
    "statementMap": {
      "0": { "start": { "line": 1, "column": 0 }, "end": { "line": 1, "column": 10 } },
      "1": { "start": { "line": 2, "column": 0 }, "end": { "line": 2, "column": 61 } },
      "2": { "start": { "line": 3, "column": 0 }, "end": { "line": 3, "column": 29 } },
      "3": { "start": { "line": 4, "column": 0 }, "end": { "line": 4, "column": 67 } },
      "4": { "start": { "line": 5, "column": 0 }, "end": { "line": 5, "column": 70 } },
      "5": { "start": { "line": 6, "column": 0 }, "end": { "line": 6, "column": 80 } },
      "7": { "start": { "line": 8, "column": 0 }, "end": { "line": 8, "column": 19 } },
      "8": { "start": { "line": 9, "column": 0 }, "end": { "line": 9, "column": 10 } },
      "9": { "start": { "line": 10, "column": 0 }, "end": { "line": 10, "column": 8 } }
    },
    "s": { "0": 0, "1": 0, "2": 0, "3": 0, "4": 0, "5": 0, "7": 0, "8": 0, "9": 0 },
    "branchMap": {
      "0": {
        "type": "branch",
        "line": 1,
        "loc": { "start": { "line": 1, "column": 460 }, "end": { "line": 15, "column": 9 } },
        "locations": [{ "start": { "line": 1, "column": 460 }, "end": { "line": 15, "column": 9 } }]
      }
    },
    "b": { "0": [0] },
    "fnMap": {
      "0": {
        "name": "(empty-report)",
        "decl": { "start": { "line": 1, "column": 460 }, "end": { "line": 15, "column": 9 } },
        "loc": { "start": { "line": 1, "column": 460 }, "end": { "line": 15, "column": 9 } },
        "line": 1
      }
    },
    "f": { "0": 0 }
  }
}
